ARM GAS  /tmp/ccYR3gey.s 			page 1


   1              		.cpu cortex-m4
   2              		.eabi_attribute 27, 1
   3              		.eabi_attribute 28, 1
   4              		.eabi_attribute 20, 1
   5              		.eabi_attribute 21, 1
   6              		.eabi_attribute 23, 3
   7              		.eabi_attribute 24, 1
   8              		.eabi_attribute 25, 1
   9              		.eabi_attribute 26, 1
  10              		.eabi_attribute 30, 6
  11              		.eabi_attribute 34, 1
  12              		.eabi_attribute 18, 4
  13              		.file	"stm32f4xx_hal_msp_template.c"
  14              		.text
  15              	.Ltext0:
  16              		.cfi_sections	.debug_frame
  17              		.section	.text.HAL_MspInit,"ax",%progbits
  18              		.align	1
  19              		.global	HAL_MspInit
  20              		.arch armv7e-m
  21              		.syntax unified
  22              		.thumb
  23              		.thumb_func
  24              		.fpu fpv4-sp-d16
  26              	HAL_MspInit:
  27              	.LFB126:
  28              		.file 1 "./Libraries/STM32F4xx_HAL_Driver/Src/stm32f4xx_hal_msp_template.c"
   1:./Libraries/STM32F4xx_HAL_Driver/Src/stm32f4xx_hal_msp_template.c **** /**
   2:./Libraries/STM32F4xx_HAL_Driver/Src/stm32f4xx_hal_msp_template.c ****   ******************************************************************************
   3:./Libraries/STM32F4xx_HAL_Driver/Src/stm32f4xx_hal_msp_template.c ****   * @file    stm32f4xx_hal_msp_template.c
   4:./Libraries/STM32F4xx_HAL_Driver/Src/stm32f4xx_hal_msp_template.c ****   * @author  MCD Application Team
   5:./Libraries/STM32F4xx_HAL_Driver/Src/stm32f4xx_hal_msp_template.c ****   * @brief   This file contains the HAL System and Peripheral (PPP) MSP initialization
   6:./Libraries/STM32F4xx_HAL_Driver/Src/stm32f4xx_hal_msp_template.c ****   *          and de-initialization functions.
   7:./Libraries/STM32F4xx_HAL_Driver/Src/stm32f4xx_hal_msp_template.c ****   *          It should be copied to the application folder and renamed into 'stm32f4xx_hal_msp.c'. 
   8:./Libraries/STM32F4xx_HAL_Driver/Src/stm32f4xx_hal_msp_template.c ****   ******************************************************************************
   9:./Libraries/STM32F4xx_HAL_Driver/Src/stm32f4xx_hal_msp_template.c ****   * @attention
  10:./Libraries/STM32F4xx_HAL_Driver/Src/stm32f4xx_hal_msp_template.c ****   *
  11:./Libraries/STM32F4xx_HAL_Driver/Src/stm32f4xx_hal_msp_template.c ****   * <h2><center>&copy; COPYRIGHT(c) 2017 STMicroelectronics</center></h2>
  12:./Libraries/STM32F4xx_HAL_Driver/Src/stm32f4xx_hal_msp_template.c ****   *
  13:./Libraries/STM32F4xx_HAL_Driver/Src/stm32f4xx_hal_msp_template.c ****   * Redistribution and use in source and binary forms, with or without modification,
  14:./Libraries/STM32F4xx_HAL_Driver/Src/stm32f4xx_hal_msp_template.c ****   * are permitted provided that the following conditions are met:
  15:./Libraries/STM32F4xx_HAL_Driver/Src/stm32f4xx_hal_msp_template.c ****   *   1. Redistributions of source code must retain the above copyright notice,
  16:./Libraries/STM32F4xx_HAL_Driver/Src/stm32f4xx_hal_msp_template.c ****   *      this list of conditions and the following disclaimer.
  17:./Libraries/STM32F4xx_HAL_Driver/Src/stm32f4xx_hal_msp_template.c ****   *   2. Redistributions in binary form must reproduce the above copyright notice,
  18:./Libraries/STM32F4xx_HAL_Driver/Src/stm32f4xx_hal_msp_template.c ****   *      this list of conditions and the following disclaimer in the documentation
  19:./Libraries/STM32F4xx_HAL_Driver/Src/stm32f4xx_hal_msp_template.c ****   *      and/or other materials provided with the distribution.
  20:./Libraries/STM32F4xx_HAL_Driver/Src/stm32f4xx_hal_msp_template.c ****   *   3. Neither the name of STMicroelectronics nor the names of its contributors
  21:./Libraries/STM32F4xx_HAL_Driver/Src/stm32f4xx_hal_msp_template.c ****   *      may be used to endorse or promote products derived from this software
  22:./Libraries/STM32F4xx_HAL_Driver/Src/stm32f4xx_hal_msp_template.c ****   *      without specific prior written permission.
  23:./Libraries/STM32F4xx_HAL_Driver/Src/stm32f4xx_hal_msp_template.c ****   *
  24:./Libraries/STM32F4xx_HAL_Driver/Src/stm32f4xx_hal_msp_template.c ****   * THIS SOFTWARE IS PROVIDED BY THE COPYRIGHT HOLDERS AND CONTRIBUTORS "AS IS"
  25:./Libraries/STM32F4xx_HAL_Driver/Src/stm32f4xx_hal_msp_template.c ****   * AND ANY EXPRESS OR IMPLIED WARRANTIES, INCLUDING, BUT NOT LIMITED TO, THE
  26:./Libraries/STM32F4xx_HAL_Driver/Src/stm32f4xx_hal_msp_template.c ****   * IMPLIED WARRANTIES OF MERCHANTABILITY AND FITNESS FOR A PARTICULAR PURPOSE ARE
  27:./Libraries/STM32F4xx_HAL_Driver/Src/stm32f4xx_hal_msp_template.c ****   * DISCLAIMED. IN NO EVENT SHALL THE COPYRIGHT HOLDER OR CONTRIBUTORS BE LIABLE
  28:./Libraries/STM32F4xx_HAL_Driver/Src/stm32f4xx_hal_msp_template.c ****   * FOR ANY DIRECT, INDIRECT, INCIDENTAL, SPECIAL, EXEMPLARY, OR CONSEQUENTIAL
  29:./Libraries/STM32F4xx_HAL_Driver/Src/stm32f4xx_hal_msp_template.c ****   * DAMAGES (INCLUDING, BUT NOT LIMITED TO, PROCUREMENT OF SUBSTITUTE GOODS OR
  30:./Libraries/STM32F4xx_HAL_Driver/Src/stm32f4xx_hal_msp_template.c ****   * SERVICES; LOSS OF USE, DATA, OR PROFITS; OR BUSINESS INTERRUPTION) HOWEVER
ARM GAS  /tmp/ccYR3gey.s 			page 2


  31:./Libraries/STM32F4xx_HAL_Driver/Src/stm32f4xx_hal_msp_template.c ****   * CAUSED AND ON ANY THEORY OF LIABILITY, WHETHER IN CONTRACT, STRICT LIABILITY,
  32:./Libraries/STM32F4xx_HAL_Driver/Src/stm32f4xx_hal_msp_template.c ****   * OR TORT (INCLUDING NEGLIGENCE OR OTHERWISE) ARISING IN ANY WAY OUT OF THE USE
  33:./Libraries/STM32F4xx_HAL_Driver/Src/stm32f4xx_hal_msp_template.c ****   * OF THIS SOFTWARE, EVEN IF ADVISED OF THE POSSIBILITY OF SUCH DAMAGE.
  34:./Libraries/STM32F4xx_HAL_Driver/Src/stm32f4xx_hal_msp_template.c ****   *
  35:./Libraries/STM32F4xx_HAL_Driver/Src/stm32f4xx_hal_msp_template.c ****   ******************************************************************************
  36:./Libraries/STM32F4xx_HAL_Driver/Src/stm32f4xx_hal_msp_template.c ****   */ 
  37:./Libraries/STM32F4xx_HAL_Driver/Src/stm32f4xx_hal_msp_template.c **** 
  38:./Libraries/STM32F4xx_HAL_Driver/Src/stm32f4xx_hal_msp_template.c **** /* Includes ------------------------------------------------------------------*/
  39:./Libraries/STM32F4xx_HAL_Driver/Src/stm32f4xx_hal_msp_template.c **** #include "stm32f4xx_hal.h"
  40:./Libraries/STM32F4xx_HAL_Driver/Src/stm32f4xx_hal_msp_template.c **** 
  41:./Libraries/STM32F4xx_HAL_Driver/Src/stm32f4xx_hal_msp_template.c **** /** @addtogroup STM32F4xx_HAL_Driver
  42:./Libraries/STM32F4xx_HAL_Driver/Src/stm32f4xx_hal_msp_template.c ****   * @{
  43:./Libraries/STM32F4xx_HAL_Driver/Src/stm32f4xx_hal_msp_template.c ****   */
  44:./Libraries/STM32F4xx_HAL_Driver/Src/stm32f4xx_hal_msp_template.c **** 
  45:./Libraries/STM32F4xx_HAL_Driver/Src/stm32f4xx_hal_msp_template.c **** /** @defgroup HAL_MSP HAL MSP
  46:./Libraries/STM32F4xx_HAL_Driver/Src/stm32f4xx_hal_msp_template.c ****   * @brief HAL MSP module.
  47:./Libraries/STM32F4xx_HAL_Driver/Src/stm32f4xx_hal_msp_template.c ****   * @{
  48:./Libraries/STM32F4xx_HAL_Driver/Src/stm32f4xx_hal_msp_template.c ****   */
  49:./Libraries/STM32F4xx_HAL_Driver/Src/stm32f4xx_hal_msp_template.c **** 
  50:./Libraries/STM32F4xx_HAL_Driver/Src/stm32f4xx_hal_msp_template.c **** /* Private typedef -----------------------------------------------------------*/
  51:./Libraries/STM32F4xx_HAL_Driver/Src/stm32f4xx_hal_msp_template.c **** /* Private define ------------------------------------------------------------*/
  52:./Libraries/STM32F4xx_HAL_Driver/Src/stm32f4xx_hal_msp_template.c **** /* Private macro -------------------------------------------------------------*/
  53:./Libraries/STM32F4xx_HAL_Driver/Src/stm32f4xx_hal_msp_template.c **** /* Private variables ---------------------------------------------------------*/
  54:./Libraries/STM32F4xx_HAL_Driver/Src/stm32f4xx_hal_msp_template.c **** /* Private function prototypes -----------------------------------------------*/
  55:./Libraries/STM32F4xx_HAL_Driver/Src/stm32f4xx_hal_msp_template.c **** /* Private functions ---------------------------------------------------------*/
  56:./Libraries/STM32F4xx_HAL_Driver/Src/stm32f4xx_hal_msp_template.c **** 
  57:./Libraries/STM32F4xx_HAL_Driver/Src/stm32f4xx_hal_msp_template.c **** /** @defgroup HAL_MSP_Private_Functions HAL MSP Private Functions
  58:./Libraries/STM32F4xx_HAL_Driver/Src/stm32f4xx_hal_msp_template.c ****   * @{
  59:./Libraries/STM32F4xx_HAL_Driver/Src/stm32f4xx_hal_msp_template.c ****   */
  60:./Libraries/STM32F4xx_HAL_Driver/Src/stm32f4xx_hal_msp_template.c **** 
  61:./Libraries/STM32F4xx_HAL_Driver/Src/stm32f4xx_hal_msp_template.c **** /**
  62:./Libraries/STM32F4xx_HAL_Driver/Src/stm32f4xx_hal_msp_template.c ****   * @brief  Initializes the Global MSP.
  63:./Libraries/STM32F4xx_HAL_Driver/Src/stm32f4xx_hal_msp_template.c ****   * @note   This function is called from HAL_Init() function to perform system
  64:./Libraries/STM32F4xx_HAL_Driver/Src/stm32f4xx_hal_msp_template.c ****   *         level initialization (GPIOs, clock, DMA, interrupt).
  65:./Libraries/STM32F4xx_HAL_Driver/Src/stm32f4xx_hal_msp_template.c ****   * @retval None
  66:./Libraries/STM32F4xx_HAL_Driver/Src/stm32f4xx_hal_msp_template.c ****   */
  67:./Libraries/STM32F4xx_HAL_Driver/Src/stm32f4xx_hal_msp_template.c **** void HAL_MspInit(void)
  68:./Libraries/STM32F4xx_HAL_Driver/Src/stm32f4xx_hal_msp_template.c **** {
  29              		.loc 1 68 1
  30              		.cfi_startproc
  31              		@ args = 0, pretend = 0, frame = 0
  32              		@ frame_needed = 1, uses_anonymous_args = 0
  33              		@ link register save eliminated.
  34 0000 80B4     		push	{r7}
  35              	.LCFI0:
  36              		.cfi_def_cfa_offset 4
  37              		.cfi_offset 7, -4
  38 0002 00AF     		add	r7, sp, #0
  39              	.LCFI1:
  40              		.cfi_def_cfa_register 7
  69:./Libraries/STM32F4xx_HAL_Driver/Src/stm32f4xx_hal_msp_template.c **** 
  70:./Libraries/STM32F4xx_HAL_Driver/Src/stm32f4xx_hal_msp_template.c **** }
  41              		.loc 1 70 1
  42 0004 00BF     		nop
  43 0006 BD46     		mov	sp, r7
  44              	.LCFI2:
  45              		.cfi_def_cfa_register 13
ARM GAS  /tmp/ccYR3gey.s 			page 3


  46              		@ sp needed
  47 0008 5DF8047B 		ldr	r7, [sp], #4
  48              	.LCFI3:
  49              		.cfi_restore 7
  50              		.cfi_def_cfa_offset 0
  51 000c 7047     		bx	lr
  52              		.cfi_endproc
  53              	.LFE126:
  55              		.section	.text.HAL_MspDeInit,"ax",%progbits
  56              		.align	1
  57              		.global	HAL_MspDeInit
  58              		.syntax unified
  59              		.thumb
  60              		.thumb_func
  61              		.fpu fpv4-sp-d16
  63              	HAL_MspDeInit:
  64              	.LFB127:
  71:./Libraries/STM32F4xx_HAL_Driver/Src/stm32f4xx_hal_msp_template.c **** 
  72:./Libraries/STM32F4xx_HAL_Driver/Src/stm32f4xx_hal_msp_template.c **** /**
  73:./Libraries/STM32F4xx_HAL_Driver/Src/stm32f4xx_hal_msp_template.c ****   * @brief  DeInitializes the Global MSP.
  74:./Libraries/STM32F4xx_HAL_Driver/Src/stm32f4xx_hal_msp_template.c ****   * @note   This functiona is called from HAL_DeInit() function to perform system
  75:./Libraries/STM32F4xx_HAL_Driver/Src/stm32f4xx_hal_msp_template.c ****   *         level de-initialization (GPIOs, clock, DMA, interrupt).
  76:./Libraries/STM32F4xx_HAL_Driver/Src/stm32f4xx_hal_msp_template.c ****   * @retval None
  77:./Libraries/STM32F4xx_HAL_Driver/Src/stm32f4xx_hal_msp_template.c ****   */
  78:./Libraries/STM32F4xx_HAL_Driver/Src/stm32f4xx_hal_msp_template.c **** void HAL_MspDeInit(void)
  79:./Libraries/STM32F4xx_HAL_Driver/Src/stm32f4xx_hal_msp_template.c **** {
  65              		.loc 1 79 1
  66              		.cfi_startproc
  67              		@ args = 0, pretend = 0, frame = 0
  68              		@ frame_needed = 1, uses_anonymous_args = 0
  69              		@ link register save eliminated.
  70 0000 80B4     		push	{r7}
  71              	.LCFI4:
  72              		.cfi_def_cfa_offset 4
  73              		.cfi_offset 7, -4
  74 0002 00AF     		add	r7, sp, #0
  75              	.LCFI5:
  76              		.cfi_def_cfa_register 7
  80:./Libraries/STM32F4xx_HAL_Driver/Src/stm32f4xx_hal_msp_template.c **** 
  81:./Libraries/STM32F4xx_HAL_Driver/Src/stm32f4xx_hal_msp_template.c **** }
  77              		.loc 1 81 1
  78 0004 00BF     		nop
  79 0006 BD46     		mov	sp, r7
  80              	.LCFI6:
  81              		.cfi_def_cfa_register 13
  82              		@ sp needed
  83 0008 5DF8047B 		ldr	r7, [sp], #4
  84              	.LCFI7:
  85              		.cfi_restore 7
  86              		.cfi_def_cfa_offset 0
  87 000c 7047     		bx	lr
  88              		.cfi_endproc
  89              	.LFE127:
  91              		.section	.text.HAL_PPP_MspInit,"ax",%progbits
  92              		.align	1
  93              		.global	HAL_PPP_MspInit
  94              		.syntax unified
ARM GAS  /tmp/ccYR3gey.s 			page 4


  95              		.thumb
  96              		.thumb_func
  97              		.fpu fpv4-sp-d16
  99              	HAL_PPP_MspInit:
 100              	.LFB128:
  82:./Libraries/STM32F4xx_HAL_Driver/Src/stm32f4xx_hal_msp_template.c **** 
  83:./Libraries/STM32F4xx_HAL_Driver/Src/stm32f4xx_hal_msp_template.c **** /**
  84:./Libraries/STM32F4xx_HAL_Driver/Src/stm32f4xx_hal_msp_template.c ****   * @brief  Initializes the PPP MSP.
  85:./Libraries/STM32F4xx_HAL_Driver/Src/stm32f4xx_hal_msp_template.c ****   * @note   This functiona is called from HAL_PPP_Init() function to perform 
  86:./Libraries/STM32F4xx_HAL_Driver/Src/stm32f4xx_hal_msp_template.c ****   *         peripheral(PPP) system level initialization (GPIOs, clock, DMA, interrupt)
  87:./Libraries/STM32F4xx_HAL_Driver/Src/stm32f4xx_hal_msp_template.c ****   * @retval None
  88:./Libraries/STM32F4xx_HAL_Driver/Src/stm32f4xx_hal_msp_template.c ****   */
  89:./Libraries/STM32F4xx_HAL_Driver/Src/stm32f4xx_hal_msp_template.c **** void HAL_PPP_MspInit(void)
  90:./Libraries/STM32F4xx_HAL_Driver/Src/stm32f4xx_hal_msp_template.c **** {
 101              		.loc 1 90 1
 102              		.cfi_startproc
 103              		@ args = 0, pretend = 0, frame = 0
 104              		@ frame_needed = 1, uses_anonymous_args = 0
 105              		@ link register save eliminated.
 106 0000 80B4     		push	{r7}
 107              	.LCFI8:
 108              		.cfi_def_cfa_offset 4
 109              		.cfi_offset 7, -4
 110 0002 00AF     		add	r7, sp, #0
 111              	.LCFI9:
 112              		.cfi_def_cfa_register 7
  91:./Libraries/STM32F4xx_HAL_Driver/Src/stm32f4xx_hal_msp_template.c **** 
  92:./Libraries/STM32F4xx_HAL_Driver/Src/stm32f4xx_hal_msp_template.c **** }
 113              		.loc 1 92 1
 114 0004 00BF     		nop
 115 0006 BD46     		mov	sp, r7
 116              	.LCFI10:
 117              		.cfi_def_cfa_register 13
 118              		@ sp needed
 119 0008 5DF8047B 		ldr	r7, [sp], #4
 120              	.LCFI11:
 121              		.cfi_restore 7
 122              		.cfi_def_cfa_offset 0
 123 000c 7047     		bx	lr
 124              		.cfi_endproc
 125              	.LFE128:
 127              		.section	.text.HAL_PPP_MspDeInit,"ax",%progbits
 128              		.align	1
 129              		.global	HAL_PPP_MspDeInit
 130              		.syntax unified
 131              		.thumb
 132              		.thumb_func
 133              		.fpu fpv4-sp-d16
 135              	HAL_PPP_MspDeInit:
 136              	.LFB129:
  93:./Libraries/STM32F4xx_HAL_Driver/Src/stm32f4xx_hal_msp_template.c **** 
  94:./Libraries/STM32F4xx_HAL_Driver/Src/stm32f4xx_hal_msp_template.c **** /**
  95:./Libraries/STM32F4xx_HAL_Driver/Src/stm32f4xx_hal_msp_template.c ****   * @brief  DeInitializes the PPP MSP.
  96:./Libraries/STM32F4xx_HAL_Driver/Src/stm32f4xx_hal_msp_template.c ****   * @note   This functiona is called from HAL_PPP_DeInit() function to perform 
  97:./Libraries/STM32F4xx_HAL_Driver/Src/stm32f4xx_hal_msp_template.c ****   *         peripheral(PPP) system level de-initialization (GPIOs, clock, DMA, interrupt)
  98:./Libraries/STM32F4xx_HAL_Driver/Src/stm32f4xx_hal_msp_template.c ****   * @retval None
  99:./Libraries/STM32F4xx_HAL_Driver/Src/stm32f4xx_hal_msp_template.c ****   */
ARM GAS  /tmp/ccYR3gey.s 			page 5


 100:./Libraries/STM32F4xx_HAL_Driver/Src/stm32f4xx_hal_msp_template.c **** void HAL_PPP_MspDeInit(void)
 101:./Libraries/STM32F4xx_HAL_Driver/Src/stm32f4xx_hal_msp_template.c **** {
 137              		.loc 1 101 1
 138              		.cfi_startproc
 139              		@ args = 0, pretend = 0, frame = 0
 140              		@ frame_needed = 1, uses_anonymous_args = 0
 141              		@ link register save eliminated.
 142 0000 80B4     		push	{r7}
 143              	.LCFI12:
 144              		.cfi_def_cfa_offset 4
 145              		.cfi_offset 7, -4
 146 0002 00AF     		add	r7, sp, #0
 147              	.LCFI13:
 148              		.cfi_def_cfa_register 7
 102:./Libraries/STM32F4xx_HAL_Driver/Src/stm32f4xx_hal_msp_template.c **** 
 103:./Libraries/STM32F4xx_HAL_Driver/Src/stm32f4xx_hal_msp_template.c **** }
 149              		.loc 1 103 1
 150 0004 00BF     		nop
 151 0006 BD46     		mov	sp, r7
 152              	.LCFI14:
 153              		.cfi_def_cfa_register 13
 154              		@ sp needed
 155 0008 5DF8047B 		ldr	r7, [sp], #4
 156              	.LCFI15:
 157              		.cfi_restore 7
 158              		.cfi_def_cfa_offset 0
 159 000c 7047     		bx	lr
 160              		.cfi_endproc
 161              	.LFE129:
 163              		.text
 164              	.Letext0:
ARM GAS  /tmp/ccYR3gey.s 			page 6


DEFINED SYMBOLS
                            *ABS*:0000000000000000 stm32f4xx_hal_msp_template.c
     /tmp/ccYR3gey.s:18     .text.HAL_MspInit:0000000000000000 $t
     /tmp/ccYR3gey.s:26     .text.HAL_MspInit:0000000000000000 HAL_MspInit
     /tmp/ccYR3gey.s:56     .text.HAL_MspDeInit:0000000000000000 $t
     /tmp/ccYR3gey.s:63     .text.HAL_MspDeInit:0000000000000000 HAL_MspDeInit
     /tmp/ccYR3gey.s:92     .text.HAL_PPP_MspInit:0000000000000000 $t
     /tmp/ccYR3gey.s:99     .text.HAL_PPP_MspInit:0000000000000000 HAL_PPP_MspInit
     /tmp/ccYR3gey.s:128    .text.HAL_PPP_MspDeInit:0000000000000000 $t
     /tmp/ccYR3gey.s:135    .text.HAL_PPP_MspDeInit:0000000000000000 HAL_PPP_MspDeInit

NO UNDEFINED SYMBOLS
