ARM GAS  C:\Users\hao\AppData\Local\Temp\ccJhFFnR.s 			page 1


   1              		.cpu cortex-m3
   2              		.arch armv7-m
   3              		.fpu softvfp
   4              		.eabi_attribute 20, 1
   5              		.eabi_attribute 21, 1
   6              		.eabi_attribute 23, 3
   7              		.eabi_attribute 24, 1
   8              		.eabi_attribute 25, 1
   9              		.eabi_attribute 26, 1
  10              		.eabi_attribute 30, 6
  11              		.eabi_attribute 34, 1
  12              		.eabi_attribute 18, 4
  13              		.file	"bsp_led.c"
  14              		.text
  15              	.Ltext0:
  16              		.cfi_sections	.debug_frame
  17              		.section	.text.LED_GPIO_Config,"ax",%progbits
  18              		.align	1
  19              		.global	LED_GPIO_Config
  20              		.syntax unified
  21              		.thumb
  22              		.thumb_func
  24              	LED_GPIO_Config:
  25              	.LFB29:
  26              		.file 1 "./Hardware/led/bsp_led.c"
   1:./Hardware/led/bsp_led.c **** // bsp ：board support package 板级支持包
   2:./Hardware/led/bsp_led.c **** #include "bsp_led.h"
   3:./Hardware/led/bsp_led.c **** 
   4:./Hardware/led/bsp_led.c **** void LED_GPIO_Config(void)
   5:./Hardware/led/bsp_led.c **** {
  27              		.loc 1 5 1
  28              		.cfi_startproc
  29              		@ args = 0, pretend = 0, frame = 8
  30              		@ frame_needed = 1, uses_anonymous_args = 0
  31 0000 80B5     		push	{r7, lr}
  32              	.LCFI0:
  33              		.cfi_def_cfa_offset 8
  34              		.cfi_offset 7, -8
  35              		.cfi_offset 14, -4
  36 0002 82B0     		sub	sp, sp, #8
  37              	.LCFI1:
  38              		.cfi_def_cfa_offset 16
  39 0004 00AF     		add	r7, sp, #0
  40              	.LCFI2:
  41              		.cfi_def_cfa_register 7
   6:./Hardware/led/bsp_led.c **** 	GPIO_InitTypeDef  GPIO_InitStruct;
   7:./Hardware/led/bsp_led.c **** 	
   8:./Hardware/led/bsp_led.c **** 	RCC_APB2PeriphClockCmd(LED_G_GPIO_CLK, ENABLE);
  42              		.loc 1 8 2
  43 0006 0121     		movs	r1, #1
  44 0008 0820     		movs	r0, #8
  45 000a FFF7FEFF 		bl	RCC_APB2PeriphClockCmd
   9:./Hardware/led/bsp_led.c **** 	
  10:./Hardware/led/bsp_led.c **** 	GPIO_InitStruct.GPIO_Pin = LED_G_GPIO_PIN;
  46              		.loc 1 10 27
  47 000e 0123     		movs	r3, #1
  48 0010 BB80     		strh	r3, [r7, #4]	@ movhi
ARM GAS  C:\Users\hao\AppData\Local\Temp\ccJhFFnR.s 			page 2


  11:./Hardware/led/bsp_led.c **** 	GPIO_InitStruct.GPIO_Mode = GPIO_Mode_Out_PP;
  49              		.loc 1 11 28
  50 0012 1023     		movs	r3, #16
  51 0014 FB71     		strb	r3, [r7, #7]
  12:./Hardware/led/bsp_led.c **** 	GPIO_InitStruct.GPIO_Speed = GPIO_Speed_50MHz;
  52              		.loc 1 12 29
  53 0016 0323     		movs	r3, #3
  54 0018 BB71     		strb	r3, [r7, #6]
  13:./Hardware/led/bsp_led.c **** 	
  14:./Hardware/led/bsp_led.c **** 	GPIO_Init(LED_G_GPIO_PORT, &GPIO_InitStruct);	
  55              		.loc 1 14 2
  56 001a 3B1D     		adds	r3, r7, #4
  57 001c 1946     		mov	r1, r3
  58 001e 0348     		ldr	r0, .L2
  59 0020 FFF7FEFF 		bl	GPIO_Init
  15:./Hardware/led/bsp_led.c **** }
  60              		.loc 1 15 1
  61 0024 00BF     		nop
  62 0026 0837     		adds	r7, r7, #8
  63              	.LCFI3:
  64              		.cfi_def_cfa_offset 8
  65 0028 BD46     		mov	sp, r7
  66              	.LCFI4:
  67              		.cfi_def_cfa_register 13
  68              		@ sp needed
  69 002a 80BD     		pop	{r7, pc}
  70              	.L3:
  71              		.align	2
  72              	.L2:
  73 002c 000C0140 		.word	1073810432
  74              		.cfi_endproc
  75              	.LFE29:
  77              		.text
  78              	.Letext0:
  79              		.file 2 "c:\\gcc-arm-none-eabi\\arm-none-eabi\\include\\machine\\_default_types.h"
  80              		.file 3 "c:\\gcc-arm-none-eabi\\arm-none-eabi\\include\\sys\\_stdint.h"
  81              		.file 4 "./Libraries/CMSIS/stm32f10x.h"
  82              		.file 5 "./Libraries/STM32F10x_StdPeriph_Driver/inc/stm32f10x_gpio.h"
ARM GAS  C:\Users\hao\AppData\Local\Temp\ccJhFFnR.s 			page 3


DEFINED SYMBOLS
                            *ABS*:00000000 bsp_led.c
C:\Users\hao\AppData\Local\Temp\ccJhFFnR.s:18     .text.LED_GPIO_Config:00000000 $t
C:\Users\hao\AppData\Local\Temp\ccJhFFnR.s:24     .text.LED_GPIO_Config:00000000 LED_GPIO_Config
C:\Users\hao\AppData\Local\Temp\ccJhFFnR.s:73     .text.LED_GPIO_Config:0000002c $d

UNDEFINED SYMBOLS
RCC_APB2PeriphClockCmd
GPIO_Init
