ARM GAS  C:\Users\hao\AppData\Local\Temp\ccGVRRTl.s 			page 1


   1              		.cpu cortex-m3
   2              		.arch armv7-m
   3              		.fpu softvfp
   4              		.eabi_attribute 20, 1
   5              		.eabi_attribute 21, 1
   6              		.eabi_attribute 23, 3
   7              		.eabi_attribute 24, 1
   8              		.eabi_attribute 25, 1
   9              		.eabi_attribute 26, 1
  10              		.eabi_attribute 30, 6
  11              		.eabi_attribute 34, 1
  12              		.eabi_attribute 18, 4
  13              		.file	"misc.c"
  14              		.text
  15              	.Ltext0:
  16              		.cfi_sections	.debug_frame
  17              		.section	.text.NVIC_PriorityGroupConfig,"ax",%progbits
  18              		.align	1
  19              		.global	NVIC_PriorityGroupConfig
  20              		.syntax unified
  21              		.thumb
  22              		.thumb_func
  24              	NVIC_PriorityGroupConfig:
  25              	.LFB29:
  26              		.file 1 "./Libraries/STM32F10x_StdPeriph_Driver/src/misc.c"
   1:./Libraries/STM32F10x_StdPeriph_Driver/src/misc.c **** /**
   2:./Libraries/STM32F10x_StdPeriph_Driver/src/misc.c ****   ******************************************************************************
   3:./Libraries/STM32F10x_StdPeriph_Driver/src/misc.c ****   * @file    misc.c
   4:./Libraries/STM32F10x_StdPeriph_Driver/src/misc.c ****   * @author  MCD Application Team
   5:./Libraries/STM32F10x_StdPeriph_Driver/src/misc.c ****   * @version V3.5.0
   6:./Libraries/STM32F10x_StdPeriph_Driver/src/misc.c ****   * @date    11-March-2011
   7:./Libraries/STM32F10x_StdPeriph_Driver/src/misc.c ****   * @brief   This file provides all the miscellaneous firmware functions (add-on
   8:./Libraries/STM32F10x_StdPeriph_Driver/src/misc.c ****   *          to CMSIS functions).
   9:./Libraries/STM32F10x_StdPeriph_Driver/src/misc.c ****   ******************************************************************************
  10:./Libraries/STM32F10x_StdPeriph_Driver/src/misc.c ****   * @attention
  11:./Libraries/STM32F10x_StdPeriph_Driver/src/misc.c ****   *
  12:./Libraries/STM32F10x_StdPeriph_Driver/src/misc.c ****   * THE PRESENT FIRMWARE WHICH IS FOR GUIDANCE ONLY AIMS AT PROVIDING CUSTOMERS
  13:./Libraries/STM32F10x_StdPeriph_Driver/src/misc.c ****   * WITH CODING INFORMATION REGARDING THEIR PRODUCTS IN ORDER FOR THEM TO SAVE
  14:./Libraries/STM32F10x_StdPeriph_Driver/src/misc.c ****   * TIME. AS A RESULT, STMICROELECTRONICS SHALL NOT BE HELD LIABLE FOR ANY
  15:./Libraries/STM32F10x_StdPeriph_Driver/src/misc.c ****   * DIRECT, INDIRECT OR CONSEQUENTIAL DAMAGES WITH RESPECT TO ANY CLAIMS ARISING
  16:./Libraries/STM32F10x_StdPeriph_Driver/src/misc.c ****   * FROM THE CONTENT OF SUCH FIRMWARE AND/OR THE USE MADE BY CUSTOMERS OF THE
  17:./Libraries/STM32F10x_StdPeriph_Driver/src/misc.c ****   * CODING INFORMATION CONTAINED HEREIN IN CONNECTION WITH THEIR PRODUCTS.
  18:./Libraries/STM32F10x_StdPeriph_Driver/src/misc.c ****   *
  19:./Libraries/STM32F10x_StdPeriph_Driver/src/misc.c ****   * <h2><center>&copy; COPYRIGHT 2011 STMicroelectronics</center></h2>
  20:./Libraries/STM32F10x_StdPeriph_Driver/src/misc.c ****   ******************************************************************************
  21:./Libraries/STM32F10x_StdPeriph_Driver/src/misc.c ****   */
  22:./Libraries/STM32F10x_StdPeriph_Driver/src/misc.c **** 
  23:./Libraries/STM32F10x_StdPeriph_Driver/src/misc.c **** /* Includes ------------------------------------------------------------------*/
  24:./Libraries/STM32F10x_StdPeriph_Driver/src/misc.c **** #include "misc.h"
  25:./Libraries/STM32F10x_StdPeriph_Driver/src/misc.c **** 
  26:./Libraries/STM32F10x_StdPeriph_Driver/src/misc.c **** /** @addtogroup STM32F10x_StdPeriph_Driver
  27:./Libraries/STM32F10x_StdPeriph_Driver/src/misc.c ****   * @{
  28:./Libraries/STM32F10x_StdPeriph_Driver/src/misc.c ****   */
  29:./Libraries/STM32F10x_StdPeriph_Driver/src/misc.c **** 
  30:./Libraries/STM32F10x_StdPeriph_Driver/src/misc.c **** /** @defgroup MISC 
  31:./Libraries/STM32F10x_StdPeriph_Driver/src/misc.c ****   * @brief MISC driver modules
  32:./Libraries/STM32F10x_StdPeriph_Driver/src/misc.c ****   * @{
ARM GAS  C:\Users\hao\AppData\Local\Temp\ccGVRRTl.s 			page 2


  33:./Libraries/STM32F10x_StdPeriph_Driver/src/misc.c ****   */
  34:./Libraries/STM32F10x_StdPeriph_Driver/src/misc.c **** 
  35:./Libraries/STM32F10x_StdPeriph_Driver/src/misc.c **** /** @defgroup MISC_Private_TypesDefinitions
  36:./Libraries/STM32F10x_StdPeriph_Driver/src/misc.c ****   * @{
  37:./Libraries/STM32F10x_StdPeriph_Driver/src/misc.c ****   */
  38:./Libraries/STM32F10x_StdPeriph_Driver/src/misc.c **** 
  39:./Libraries/STM32F10x_StdPeriph_Driver/src/misc.c **** /**
  40:./Libraries/STM32F10x_StdPeriph_Driver/src/misc.c ****   * @}
  41:./Libraries/STM32F10x_StdPeriph_Driver/src/misc.c ****   */ 
  42:./Libraries/STM32F10x_StdPeriph_Driver/src/misc.c **** 
  43:./Libraries/STM32F10x_StdPeriph_Driver/src/misc.c **** /** @defgroup MISC_Private_Defines
  44:./Libraries/STM32F10x_StdPeriph_Driver/src/misc.c ****   * @{
  45:./Libraries/STM32F10x_StdPeriph_Driver/src/misc.c ****   */
  46:./Libraries/STM32F10x_StdPeriph_Driver/src/misc.c **** 
  47:./Libraries/STM32F10x_StdPeriph_Driver/src/misc.c **** #define AIRCR_VECTKEY_MASK    ((uint32_t)0x05FA0000)
  48:./Libraries/STM32F10x_StdPeriph_Driver/src/misc.c **** /**
  49:./Libraries/STM32F10x_StdPeriph_Driver/src/misc.c ****   * @}
  50:./Libraries/STM32F10x_StdPeriph_Driver/src/misc.c ****   */
  51:./Libraries/STM32F10x_StdPeriph_Driver/src/misc.c **** 
  52:./Libraries/STM32F10x_StdPeriph_Driver/src/misc.c **** /** @defgroup MISC_Private_Macros
  53:./Libraries/STM32F10x_StdPeriph_Driver/src/misc.c ****   * @{
  54:./Libraries/STM32F10x_StdPeriph_Driver/src/misc.c ****   */
  55:./Libraries/STM32F10x_StdPeriph_Driver/src/misc.c **** 
  56:./Libraries/STM32F10x_StdPeriph_Driver/src/misc.c **** /**
  57:./Libraries/STM32F10x_StdPeriph_Driver/src/misc.c ****   * @}
  58:./Libraries/STM32F10x_StdPeriph_Driver/src/misc.c ****   */
  59:./Libraries/STM32F10x_StdPeriph_Driver/src/misc.c **** 
  60:./Libraries/STM32F10x_StdPeriph_Driver/src/misc.c **** /** @defgroup MISC_Private_Variables
  61:./Libraries/STM32F10x_StdPeriph_Driver/src/misc.c ****   * @{
  62:./Libraries/STM32F10x_StdPeriph_Driver/src/misc.c ****   */
  63:./Libraries/STM32F10x_StdPeriph_Driver/src/misc.c **** 
  64:./Libraries/STM32F10x_StdPeriph_Driver/src/misc.c **** /**
  65:./Libraries/STM32F10x_StdPeriph_Driver/src/misc.c ****   * @}
  66:./Libraries/STM32F10x_StdPeriph_Driver/src/misc.c ****   */
  67:./Libraries/STM32F10x_StdPeriph_Driver/src/misc.c **** 
  68:./Libraries/STM32F10x_StdPeriph_Driver/src/misc.c **** /** @defgroup MISC_Private_FunctionPrototypes
  69:./Libraries/STM32F10x_StdPeriph_Driver/src/misc.c ****   * @{
  70:./Libraries/STM32F10x_StdPeriph_Driver/src/misc.c ****   */
  71:./Libraries/STM32F10x_StdPeriph_Driver/src/misc.c **** 
  72:./Libraries/STM32F10x_StdPeriph_Driver/src/misc.c **** /**
  73:./Libraries/STM32F10x_StdPeriph_Driver/src/misc.c ****   * @}
  74:./Libraries/STM32F10x_StdPeriph_Driver/src/misc.c ****   */
  75:./Libraries/STM32F10x_StdPeriph_Driver/src/misc.c **** 
  76:./Libraries/STM32F10x_StdPeriph_Driver/src/misc.c **** /** @defgroup MISC_Private_Functions
  77:./Libraries/STM32F10x_StdPeriph_Driver/src/misc.c ****   * @{
  78:./Libraries/STM32F10x_StdPeriph_Driver/src/misc.c ****   */
  79:./Libraries/STM32F10x_StdPeriph_Driver/src/misc.c **** 
  80:./Libraries/STM32F10x_StdPeriph_Driver/src/misc.c **** /**
  81:./Libraries/STM32F10x_StdPeriph_Driver/src/misc.c ****   * @brief  Configures the priority grouping: pre-emption priority and subpriority.
  82:./Libraries/STM32F10x_StdPeriph_Driver/src/misc.c ****   * @param  NVIC_PriorityGroup: specifies the priority grouping bits length. 
  83:./Libraries/STM32F10x_StdPeriph_Driver/src/misc.c ****   *   This parameter can be one of the following values:
  84:./Libraries/STM32F10x_StdPeriph_Driver/src/misc.c ****   *     @arg NVIC_PriorityGroup_0: 0 bits for pre-emption priority
  85:./Libraries/STM32F10x_StdPeriph_Driver/src/misc.c ****   *                                4 bits for subpriority
  86:./Libraries/STM32F10x_StdPeriph_Driver/src/misc.c ****   *     @arg NVIC_PriorityGroup_1: 1 bits for pre-emption priority
  87:./Libraries/STM32F10x_StdPeriph_Driver/src/misc.c ****   *                                3 bits for subpriority
  88:./Libraries/STM32F10x_StdPeriph_Driver/src/misc.c ****   *     @arg NVIC_PriorityGroup_2: 2 bits for pre-emption priority
  89:./Libraries/STM32F10x_StdPeriph_Driver/src/misc.c ****   *                                2 bits for subpriority
ARM GAS  C:\Users\hao\AppData\Local\Temp\ccGVRRTl.s 			page 3


  90:./Libraries/STM32F10x_StdPeriph_Driver/src/misc.c ****   *     @arg NVIC_PriorityGroup_3: 3 bits for pre-emption priority
  91:./Libraries/STM32F10x_StdPeriph_Driver/src/misc.c ****   *                                1 bits for subpriority
  92:./Libraries/STM32F10x_StdPeriph_Driver/src/misc.c ****   *     @arg NVIC_PriorityGroup_4: 4 bits for pre-emption priority
  93:./Libraries/STM32F10x_StdPeriph_Driver/src/misc.c ****   *                                0 bits for subpriority
  94:./Libraries/STM32F10x_StdPeriph_Driver/src/misc.c ****   * @retval None
  95:./Libraries/STM32F10x_StdPeriph_Driver/src/misc.c ****   */
  96:./Libraries/STM32F10x_StdPeriph_Driver/src/misc.c **** void NVIC_PriorityGroupConfig(uint32_t NVIC_PriorityGroup)
  97:./Libraries/STM32F10x_StdPeriph_Driver/src/misc.c **** {
  27              		.loc 1 97 1
  28              		.cfi_startproc
  29              		@ args = 0, pretend = 0, frame = 8
  30              		@ frame_needed = 1, uses_anonymous_args = 0
  31              		@ link register save eliminated.
  32 0000 80B4     		push	{r7}
  33              	.LCFI0:
  34              		.cfi_def_cfa_offset 4
  35              		.cfi_offset 7, -4
  36 0002 83B0     		sub	sp, sp, #12
  37              	.LCFI1:
  38              		.cfi_def_cfa_offset 16
  39 0004 00AF     		add	r7, sp, #0
  40              	.LCFI2:
  41              		.cfi_def_cfa_register 7
  42 0006 7860     		str	r0, [r7, #4]
  98:./Libraries/STM32F10x_StdPeriph_Driver/src/misc.c ****   /* Check the parameters */
  99:./Libraries/STM32F10x_StdPeriph_Driver/src/misc.c ****   assert_param(IS_NVIC_PRIORITY_GROUP(NVIC_PriorityGroup));
 100:./Libraries/STM32F10x_StdPeriph_Driver/src/misc.c ****   
 101:./Libraries/STM32F10x_StdPeriph_Driver/src/misc.c ****   /* Set the PRIGROUP[10:8] bits according to NVIC_PriorityGroup value */
 102:./Libraries/STM32F10x_StdPeriph_Driver/src/misc.c ****   SCB->AIRCR = AIRCR_VECTKEY_MASK | NVIC_PriorityGroup;
  43              		.loc 1 102 6
  44 0008 054A     		ldr	r2, .L2
  45              		.loc 1 102 35
  46 000a 7B68     		ldr	r3, [r7, #4]
  47 000c 43F0BF63 		orr	r3, r3, #100139008
  48 0010 43F40033 		orr	r3, r3, #131072
  49              		.loc 1 102 14
  50 0014 D360     		str	r3, [r2, #12]
 103:./Libraries/STM32F10x_StdPeriph_Driver/src/misc.c **** }
  51              		.loc 1 103 1
  52 0016 00BF     		nop
  53 0018 0C37     		adds	r7, r7, #12
  54              	.LCFI3:
  55              		.cfi_def_cfa_offset 4
  56 001a BD46     		mov	sp, r7
  57              	.LCFI4:
  58              		.cfi_def_cfa_register 13
  59              		@ sp needed
  60 001c 80BC     		pop	{r7}
  61              	.LCFI5:
  62              		.cfi_restore 7
  63              		.cfi_def_cfa_offset 0
  64 001e 7047     		bx	lr
  65              	.L3:
  66              		.align	2
  67              	.L2:
  68 0020 00ED00E0 		.word	-536810240
  69              		.cfi_endproc
ARM GAS  C:\Users\hao\AppData\Local\Temp\ccGVRRTl.s 			page 4


  70              	.LFE29:
  72              		.section	.text.NVIC_Init,"ax",%progbits
  73              		.align	1
  74              		.global	NVIC_Init
  75              		.syntax unified
  76              		.thumb
  77              		.thumb_func
  79              	NVIC_Init:
  80              	.LFB30:
 104:./Libraries/STM32F10x_StdPeriph_Driver/src/misc.c **** 
 105:./Libraries/STM32F10x_StdPeriph_Driver/src/misc.c **** /**
 106:./Libraries/STM32F10x_StdPeriph_Driver/src/misc.c ****   * @brief  Initializes the NVIC peripheral according to the specified
 107:./Libraries/STM32F10x_StdPeriph_Driver/src/misc.c ****   *         parameters in the NVIC_InitStruct.
 108:./Libraries/STM32F10x_StdPeriph_Driver/src/misc.c ****   * @param  NVIC_InitStruct: pointer to a NVIC_InitTypeDef structure that contains
 109:./Libraries/STM32F10x_StdPeriph_Driver/src/misc.c ****   *         the configuration information for the specified NVIC peripheral.
 110:./Libraries/STM32F10x_StdPeriph_Driver/src/misc.c ****   * @retval None
 111:./Libraries/STM32F10x_StdPeriph_Driver/src/misc.c ****   */
 112:./Libraries/STM32F10x_StdPeriph_Driver/src/misc.c **** void NVIC_Init(NVIC_InitTypeDef* NVIC_InitStruct)
 113:./Libraries/STM32F10x_StdPeriph_Driver/src/misc.c **** {
  81              		.loc 1 113 1
  82              		.cfi_startproc
  83              		@ args = 0, pretend = 0, frame = 24
  84              		@ frame_needed = 1, uses_anonymous_args = 0
  85              		@ link register save eliminated.
  86 0000 80B4     		push	{r7}
  87              	.LCFI6:
  88              		.cfi_def_cfa_offset 4
  89              		.cfi_offset 7, -4
  90 0002 87B0     		sub	sp, sp, #28
  91              	.LCFI7:
  92              		.cfi_def_cfa_offset 32
  93 0004 00AF     		add	r7, sp, #0
  94              	.LCFI8:
  95              		.cfi_def_cfa_register 7
  96 0006 7860     		str	r0, [r7, #4]
 114:./Libraries/STM32F10x_StdPeriph_Driver/src/misc.c ****   uint32_t tmppriority = 0x00, tmppre = 0x00, tmpsub = 0x0F;
  97              		.loc 1 114 12
  98 0008 0023     		movs	r3, #0
  99 000a 7B61     		str	r3, [r7, #20]
 100              		.loc 1 114 32
 101 000c 0023     		movs	r3, #0
 102 000e 3B61     		str	r3, [r7, #16]
 103              		.loc 1 114 47
 104 0010 0F23     		movs	r3, #15
 105 0012 FB60     		str	r3, [r7, #12]
 115:./Libraries/STM32F10x_StdPeriph_Driver/src/misc.c ****   
 116:./Libraries/STM32F10x_StdPeriph_Driver/src/misc.c ****   /* Check the parameters */
 117:./Libraries/STM32F10x_StdPeriph_Driver/src/misc.c ****   assert_param(IS_FUNCTIONAL_STATE(NVIC_InitStruct->NVIC_IRQChannelCmd));
 118:./Libraries/STM32F10x_StdPeriph_Driver/src/misc.c ****   assert_param(IS_NVIC_PREEMPTION_PRIORITY(NVIC_InitStruct->NVIC_IRQChannelPreemptionPriority));  
 119:./Libraries/STM32F10x_StdPeriph_Driver/src/misc.c ****   assert_param(IS_NVIC_SUB_PRIORITY(NVIC_InitStruct->NVIC_IRQChannelSubPriority));
 120:./Libraries/STM32F10x_StdPeriph_Driver/src/misc.c ****     
 121:./Libraries/STM32F10x_StdPeriph_Driver/src/misc.c ****   if (NVIC_InitStruct->NVIC_IRQChannelCmd != DISABLE)
 106              		.loc 1 121 22
 107 0014 7B68     		ldr	r3, [r7, #4]
 108 0016 DB78     		ldrb	r3, [r3, #3]	@ zero_extendqisi2
 109              		.loc 1 121 6
 110 0018 002B     		cmp	r3, #0
ARM GAS  C:\Users\hao\AppData\Local\Temp\ccGVRRTl.s 			page 5


 111 001a 3AD0     		beq	.L5
 122:./Libraries/STM32F10x_StdPeriph_Driver/src/misc.c ****   {
 123:./Libraries/STM32F10x_StdPeriph_Driver/src/misc.c ****     /* Compute the Corresponding IRQ Priority --------------------------------*/    
 124:./Libraries/STM32F10x_StdPeriph_Driver/src/misc.c ****     tmppriority = (0x700 - ((SCB->AIRCR) & (uint32_t)0x700))>> 0x08;
 112              		.loc 1 124 33
 113 001c 274B     		ldr	r3, .L8
 114 001e DB68     		ldr	r3, [r3, #12]
 115              		.loc 1 124 26
 116 0020 DB43     		mvns	r3, r3
 117              		.loc 1 124 61
 118 0022 1B0A     		lsrs	r3, r3, #8
 119              		.loc 1 124 17
 120 0024 03F00703 		and	r3, r3, #7
 121 0028 7B61     		str	r3, [r7, #20]
 125:./Libraries/STM32F10x_StdPeriph_Driver/src/misc.c ****     tmppre = (0x4 - tmppriority);
 122              		.loc 1 125 12
 123 002a 7B69     		ldr	r3, [r7, #20]
 124 002c C3F10403 		rsb	r3, r3, #4
 125 0030 3B61     		str	r3, [r7, #16]
 126:./Libraries/STM32F10x_StdPeriph_Driver/src/misc.c ****     tmpsub = tmpsub >> tmppriority;
 126              		.loc 1 126 12
 127 0032 FA68     		ldr	r2, [r7, #12]
 128 0034 7B69     		ldr	r3, [r7, #20]
 129 0036 22FA03F3 		lsr	r3, r2, r3
 130 003a FB60     		str	r3, [r7, #12]
 127:./Libraries/STM32F10x_StdPeriph_Driver/src/misc.c **** 
 128:./Libraries/STM32F10x_StdPeriph_Driver/src/misc.c ****     tmppriority = (uint32_t)NVIC_InitStruct->NVIC_IRQChannelPreemptionPriority << tmppre;
 131              		.loc 1 128 44
 132 003c 7B68     		ldr	r3, [r7, #4]
 133 003e 5B78     		ldrb	r3, [r3, #1]	@ zero_extendqisi2
 134              		.loc 1 128 19
 135 0040 1A46     		mov	r2, r3
 136              		.loc 1 128 17
 137 0042 3B69     		ldr	r3, [r7, #16]
 138 0044 02FA03F3 		lsl	r3, r2, r3
 139 0048 7B61     		str	r3, [r7, #20]
 129:./Libraries/STM32F10x_StdPeriph_Driver/src/misc.c ****     tmppriority |=  NVIC_InitStruct->NVIC_IRQChannelSubPriority & tmpsub;
 140              		.loc 1 129 36
 141 004a 7B68     		ldr	r3, [r7, #4]
 142 004c 9B78     		ldrb	r3, [r3, #2]	@ zero_extendqisi2
 143 004e 1A46     		mov	r2, r3
 144              		.loc 1 129 65
 145 0050 FB68     		ldr	r3, [r7, #12]
 146 0052 1340     		ands	r3, r3, r2
 147              		.loc 1 129 17
 148 0054 7A69     		ldr	r2, [r7, #20]
 149 0056 1343     		orrs	r3, r3, r2
 150 0058 7B61     		str	r3, [r7, #20]
 130:./Libraries/STM32F10x_StdPeriph_Driver/src/misc.c ****     tmppriority = tmppriority << 0x04;
 151              		.loc 1 130 17
 152 005a 7B69     		ldr	r3, [r7, #20]
 153 005c 1B01     		lsls	r3, r3, #4
 154 005e 7B61     		str	r3, [r7, #20]
 131:./Libraries/STM32F10x_StdPeriph_Driver/src/misc.c ****         
 132:./Libraries/STM32F10x_StdPeriph_Driver/src/misc.c ****     NVIC->IP[NVIC_InitStruct->NVIC_IRQChannel] = tmppriority;
 155              		.loc 1 132 9
 156 0060 174A     		ldr	r2, .L8+4
ARM GAS  C:\Users\hao\AppData\Local\Temp\ccGVRRTl.s 			page 6


 157              		.loc 1 132 29
 158 0062 7B68     		ldr	r3, [r7, #4]
 159 0064 1B78     		ldrb	r3, [r3]	@ zero_extendqisi2
 160              		.loc 1 132 48
 161 0066 7969     		ldr	r1, [r7, #20]
 162 0068 C9B2     		uxtb	r1, r1
 163 006a 1344     		add	r3, r3, r2
 164 006c 0A46     		mov	r2, r1
 165 006e 83F80023 		strb	r2, [r3, #768]
 133:./Libraries/STM32F10x_StdPeriph_Driver/src/misc.c ****     
 134:./Libraries/STM32F10x_StdPeriph_Driver/src/misc.c ****     /* Enable the Selected IRQ Channels --------------------------------------*/
 135:./Libraries/STM32F10x_StdPeriph_Driver/src/misc.c ****     NVIC->ISER[NVIC_InitStruct->NVIC_IRQChannel >> 0x05] =
 136:./Libraries/STM32F10x_StdPeriph_Driver/src/misc.c ****       (uint32_t)0x01 << (NVIC_InitStruct->NVIC_IRQChannel & (uint8_t)0x1F);
 166              		.loc 1 136 41
 167 0072 7B68     		ldr	r3, [r7, #4]
 168 0074 1B78     		ldrb	r3, [r3]	@ zero_extendqisi2
 169              		.loc 1 136 59
 170 0076 03F01F03 		and	r3, r3, #31
 135:./Libraries/STM32F10x_StdPeriph_Driver/src/misc.c ****       (uint32_t)0x01 << (NVIC_InitStruct->NVIC_IRQChannel & (uint8_t)0x1F);
 171              		.loc 1 135 9
 172 007a 1149     		ldr	r1, .L8+4
 135:./Libraries/STM32F10x_StdPeriph_Driver/src/misc.c ****       (uint32_t)0x01 << (NVIC_InitStruct->NVIC_IRQChannel & (uint8_t)0x1F);
 173              		.loc 1 135 31
 174 007c 7A68     		ldr	r2, [r7, #4]
 175 007e 1278     		ldrb	r2, [r2]	@ zero_extendqisi2
 135:./Libraries/STM32F10x_StdPeriph_Driver/src/misc.c ****       (uint32_t)0x01 << (NVIC_InitStruct->NVIC_IRQChannel & (uint8_t)0x1F);
 176              		.loc 1 135 49
 177 0080 5209     		lsrs	r2, r2, #5
 178 0082 D2B2     		uxtb	r2, r2
 179 0084 1046     		mov	r0, r2
 180              		.loc 1 136 22
 181 0086 0122     		movs	r2, #1
 182 0088 02FA03F3 		lsl	r3, r2, r3
 135:./Libraries/STM32F10x_StdPeriph_Driver/src/misc.c ****       (uint32_t)0x01 << (NVIC_InitStruct->NVIC_IRQChannel & (uint8_t)0x1F);
 183              		.loc 1 135 58
 184 008c 41F82030 		str	r3, [r1, r0, lsl #2]
 137:./Libraries/STM32F10x_StdPeriph_Driver/src/misc.c ****   }
 138:./Libraries/STM32F10x_StdPeriph_Driver/src/misc.c ****   else
 139:./Libraries/STM32F10x_StdPeriph_Driver/src/misc.c ****   {
 140:./Libraries/STM32F10x_StdPeriph_Driver/src/misc.c ****     /* Disable the Selected IRQ Channels -------------------------------------*/
 141:./Libraries/STM32F10x_StdPeriph_Driver/src/misc.c ****     NVIC->ICER[NVIC_InitStruct->NVIC_IRQChannel >> 0x05] =
 142:./Libraries/STM32F10x_StdPeriph_Driver/src/misc.c ****       (uint32_t)0x01 << (NVIC_InitStruct->NVIC_IRQChannel & (uint8_t)0x1F);
 143:./Libraries/STM32F10x_StdPeriph_Driver/src/misc.c ****   }
 144:./Libraries/STM32F10x_StdPeriph_Driver/src/misc.c **** }
 185              		.loc 1 144 1
 186 0090 0FE0     		b	.L7
 187              	.L5:
 142:./Libraries/STM32F10x_StdPeriph_Driver/src/misc.c ****   }
 188              		.loc 1 142 41
 189 0092 7B68     		ldr	r3, [r7, #4]
 190 0094 1B78     		ldrb	r3, [r3]	@ zero_extendqisi2
 142:./Libraries/STM32F10x_StdPeriph_Driver/src/misc.c ****   }
 191              		.loc 1 142 59
 192 0096 03F01F03 		and	r3, r3, #31
 141:./Libraries/STM32F10x_StdPeriph_Driver/src/misc.c ****       (uint32_t)0x01 << (NVIC_InitStruct->NVIC_IRQChannel & (uint8_t)0x1F);
 193              		.loc 1 141 9
 194 009a 0949     		ldr	r1, .L8+4
ARM GAS  C:\Users\hao\AppData\Local\Temp\ccGVRRTl.s 			page 7


 141:./Libraries/STM32F10x_StdPeriph_Driver/src/misc.c ****       (uint32_t)0x01 << (NVIC_InitStruct->NVIC_IRQChannel & (uint8_t)0x1F);
 195              		.loc 1 141 31
 196 009c 7A68     		ldr	r2, [r7, #4]
 197 009e 1278     		ldrb	r2, [r2]	@ zero_extendqisi2
 141:./Libraries/STM32F10x_StdPeriph_Driver/src/misc.c ****       (uint32_t)0x01 << (NVIC_InitStruct->NVIC_IRQChannel & (uint8_t)0x1F);
 198              		.loc 1 141 49
 199 00a0 5209     		lsrs	r2, r2, #5
 200 00a2 D2B2     		uxtb	r2, r2
 201 00a4 1046     		mov	r0, r2
 142:./Libraries/STM32F10x_StdPeriph_Driver/src/misc.c ****   }
 202              		.loc 1 142 22
 203 00a6 0122     		movs	r2, #1
 204 00a8 9A40     		lsls	r2, r2, r3
 141:./Libraries/STM32F10x_StdPeriph_Driver/src/misc.c ****       (uint32_t)0x01 << (NVIC_InitStruct->NVIC_IRQChannel & (uint8_t)0x1F);
 205              		.loc 1 141 58
 206 00aa 00F12003 		add	r3, r0, #32
 207 00ae 41F82320 		str	r2, [r1, r3, lsl #2]
 208              	.L7:
 209              		.loc 1 144 1
 210 00b2 00BF     		nop
 211 00b4 1C37     		adds	r7, r7, #28
 212              	.LCFI9:
 213              		.cfi_def_cfa_offset 4
 214 00b6 BD46     		mov	sp, r7
 215              	.LCFI10:
 216              		.cfi_def_cfa_register 13
 217              		@ sp needed
 218 00b8 80BC     		pop	{r7}
 219              	.LCFI11:
 220              		.cfi_restore 7
 221              		.cfi_def_cfa_offset 0
 222 00ba 7047     		bx	lr
 223              	.L9:
 224              		.align	2
 225              	.L8:
 226 00bc 00ED00E0 		.word	-536810240
 227 00c0 00E100E0 		.word	-536813312
 228              		.cfi_endproc
 229              	.LFE30:
 231              		.section	.text.NVIC_SetVectorTable,"ax",%progbits
 232              		.align	1
 233              		.global	NVIC_SetVectorTable
 234              		.syntax unified
 235              		.thumb
 236              		.thumb_func
 238              	NVIC_SetVectorTable:
 239              	.LFB31:
 145:./Libraries/STM32F10x_StdPeriph_Driver/src/misc.c **** 
 146:./Libraries/STM32F10x_StdPeriph_Driver/src/misc.c **** /**
 147:./Libraries/STM32F10x_StdPeriph_Driver/src/misc.c ****   * @brief  Sets the vector table location and Offset.
 148:./Libraries/STM32F10x_StdPeriph_Driver/src/misc.c ****   * @param  NVIC_VectTab: specifies if the vector table is in RAM or FLASH memory.
 149:./Libraries/STM32F10x_StdPeriph_Driver/src/misc.c ****   *   This parameter can be one of the following values:
 150:./Libraries/STM32F10x_StdPeriph_Driver/src/misc.c ****   *     @arg NVIC_VectTab_RAM
 151:./Libraries/STM32F10x_StdPeriph_Driver/src/misc.c ****   *     @arg NVIC_VectTab_FLASH
 152:./Libraries/STM32F10x_StdPeriph_Driver/src/misc.c ****   * @param  Offset: Vector Table base offset field. This value must be a multiple 
 153:./Libraries/STM32F10x_StdPeriph_Driver/src/misc.c ****   *         of 0x200.
 154:./Libraries/STM32F10x_StdPeriph_Driver/src/misc.c ****   * @retval None
ARM GAS  C:\Users\hao\AppData\Local\Temp\ccGVRRTl.s 			page 8


 155:./Libraries/STM32F10x_StdPeriph_Driver/src/misc.c ****   */
 156:./Libraries/STM32F10x_StdPeriph_Driver/src/misc.c **** void NVIC_SetVectorTable(uint32_t NVIC_VectTab, uint32_t Offset)
 157:./Libraries/STM32F10x_StdPeriph_Driver/src/misc.c **** { 
 240              		.loc 1 157 1
 241              		.cfi_startproc
 242              		@ args = 0, pretend = 0, frame = 8
 243              		@ frame_needed = 1, uses_anonymous_args = 0
 244              		@ link register save eliminated.
 245 0000 80B4     		push	{r7}
 246              	.LCFI12:
 247              		.cfi_def_cfa_offset 4
 248              		.cfi_offset 7, -4
 249 0002 83B0     		sub	sp, sp, #12
 250              	.LCFI13:
 251              		.cfi_def_cfa_offset 16
 252 0004 00AF     		add	r7, sp, #0
 253              	.LCFI14:
 254              		.cfi_def_cfa_register 7
 255 0006 7860     		str	r0, [r7, #4]
 256 0008 3960     		str	r1, [r7]
 158:./Libraries/STM32F10x_StdPeriph_Driver/src/misc.c ****   /* Check the parameters */
 159:./Libraries/STM32F10x_StdPeriph_Driver/src/misc.c ****   assert_param(IS_NVIC_VECTTAB(NVIC_VectTab));
 160:./Libraries/STM32F10x_StdPeriph_Driver/src/misc.c ****   assert_param(IS_NVIC_OFFSET(Offset));  
 161:./Libraries/STM32F10x_StdPeriph_Driver/src/misc.c ****    
 162:./Libraries/STM32F10x_StdPeriph_Driver/src/misc.c ****   SCB->VTOR = NVIC_VectTab | (Offset & (uint32_t)0x1FFFFF80);
 257              		.loc 1 162 38
 258 000a 3B68     		ldr	r3, [r7]
 259 000c 23F06043 		bic	r3, r3, #-536870912
 260 0010 23F07F03 		bic	r3, r3, #127
 261              		.loc 1 162 6
 262 0014 0449     		ldr	r1, .L11
 263              		.loc 1 162 28
 264 0016 7A68     		ldr	r2, [r7, #4]
 265 0018 1343     		orrs	r3, r3, r2
 266              		.loc 1 162 13
 267 001a 8B60     		str	r3, [r1, #8]
 163:./Libraries/STM32F10x_StdPeriph_Driver/src/misc.c **** }
 268              		.loc 1 163 1
 269 001c 00BF     		nop
 270 001e 0C37     		adds	r7, r7, #12
 271              	.LCFI15:
 272              		.cfi_def_cfa_offset 4
 273 0020 BD46     		mov	sp, r7
 274              	.LCFI16:
 275              		.cfi_def_cfa_register 13
 276              		@ sp needed
 277 0022 80BC     		pop	{r7}
 278              	.LCFI17:
 279              		.cfi_restore 7
 280              		.cfi_def_cfa_offset 0
 281 0024 7047     		bx	lr
 282              	.L12:
 283 0026 00BF     		.align	2
 284              	.L11:
 285 0028 00ED00E0 		.word	-536810240
 286              		.cfi_endproc
 287              	.LFE31:
ARM GAS  C:\Users\hao\AppData\Local\Temp\ccGVRRTl.s 			page 9


 289              		.section	.text.NVIC_SystemLPConfig,"ax",%progbits
 290              		.align	1
 291              		.global	NVIC_SystemLPConfig
 292              		.syntax unified
 293              		.thumb
 294              		.thumb_func
 296              	NVIC_SystemLPConfig:
 297              	.LFB32:
 164:./Libraries/STM32F10x_StdPeriph_Driver/src/misc.c **** 
 165:./Libraries/STM32F10x_StdPeriph_Driver/src/misc.c **** /**
 166:./Libraries/STM32F10x_StdPeriph_Driver/src/misc.c ****   * @brief  Selects the condition for the system to enter low power mode.
 167:./Libraries/STM32F10x_StdPeriph_Driver/src/misc.c ****   * @param  LowPowerMode: Specifies the new mode for the system to enter low power mode.
 168:./Libraries/STM32F10x_StdPeriph_Driver/src/misc.c ****   *   This parameter can be one of the following values:
 169:./Libraries/STM32F10x_StdPeriph_Driver/src/misc.c ****   *     @arg NVIC_LP_SEVONPEND
 170:./Libraries/STM32F10x_StdPeriph_Driver/src/misc.c ****   *     @arg NVIC_LP_SLEEPDEEP
 171:./Libraries/STM32F10x_StdPeriph_Driver/src/misc.c ****   *     @arg NVIC_LP_SLEEPONEXIT
 172:./Libraries/STM32F10x_StdPeriph_Driver/src/misc.c ****   * @param  NewState: new state of LP condition. This parameter can be: ENABLE or DISABLE.
 173:./Libraries/STM32F10x_StdPeriph_Driver/src/misc.c ****   * @retval None
 174:./Libraries/STM32F10x_StdPeriph_Driver/src/misc.c ****   */
 175:./Libraries/STM32F10x_StdPeriph_Driver/src/misc.c **** void NVIC_SystemLPConfig(uint8_t LowPowerMode, FunctionalState NewState)
 176:./Libraries/STM32F10x_StdPeriph_Driver/src/misc.c **** {
 298              		.loc 1 176 1
 299              		.cfi_startproc
 300              		@ args = 0, pretend = 0, frame = 8
 301              		@ frame_needed = 1, uses_anonymous_args = 0
 302              		@ link register save eliminated.
 303 0000 80B4     		push	{r7}
 304              	.LCFI18:
 305              		.cfi_def_cfa_offset 4
 306              		.cfi_offset 7, -4
 307 0002 83B0     		sub	sp, sp, #12
 308              	.LCFI19:
 309              		.cfi_def_cfa_offset 16
 310 0004 00AF     		add	r7, sp, #0
 311              	.LCFI20:
 312              		.cfi_def_cfa_register 7
 313 0006 0346     		mov	r3, r0
 314 0008 0A46     		mov	r2, r1
 315 000a FB71     		strb	r3, [r7, #7]
 316 000c 1346     		mov	r3, r2
 317 000e BB71     		strb	r3, [r7, #6]
 177:./Libraries/STM32F10x_StdPeriph_Driver/src/misc.c ****   /* Check the parameters */
 178:./Libraries/STM32F10x_StdPeriph_Driver/src/misc.c ****   assert_param(IS_NVIC_LP(LowPowerMode));
 179:./Libraries/STM32F10x_StdPeriph_Driver/src/misc.c ****   assert_param(IS_FUNCTIONAL_STATE(NewState));  
 180:./Libraries/STM32F10x_StdPeriph_Driver/src/misc.c ****   
 181:./Libraries/STM32F10x_StdPeriph_Driver/src/misc.c ****   if (NewState != DISABLE)
 318              		.loc 1 181 6
 319 0010 BB79     		ldrb	r3, [r7, #6]	@ zero_extendqisi2
 320 0012 002B     		cmp	r3, #0
 321 0014 06D0     		beq	.L14
 182:./Libraries/STM32F10x_StdPeriph_Driver/src/misc.c ****   {
 183:./Libraries/STM32F10x_StdPeriph_Driver/src/misc.c ****     SCB->SCR |= LowPowerMode;
 322              		.loc 1 183 14
 323 0016 094B     		ldr	r3, .L17
 324 0018 1A69     		ldr	r2, [r3, #16]
 325 001a FB79     		ldrb	r3, [r7, #7]	@ zero_extendqisi2
 326 001c 0749     		ldr	r1, .L17
ARM GAS  C:\Users\hao\AppData\Local\Temp\ccGVRRTl.s 			page 10


 327 001e 1343     		orrs	r3, r3, r2
 328 0020 0B61     		str	r3, [r1, #16]
 184:./Libraries/STM32F10x_StdPeriph_Driver/src/misc.c ****   }
 185:./Libraries/STM32F10x_StdPeriph_Driver/src/misc.c ****   else
 186:./Libraries/STM32F10x_StdPeriph_Driver/src/misc.c ****   {
 187:./Libraries/STM32F10x_StdPeriph_Driver/src/misc.c ****     SCB->SCR &= (uint32_t)(~(uint32_t)LowPowerMode);
 188:./Libraries/STM32F10x_StdPeriph_Driver/src/misc.c ****   }
 189:./Libraries/STM32F10x_StdPeriph_Driver/src/misc.c **** }
 329              		.loc 1 189 1
 330 0022 06E0     		b	.L16
 331              	.L14:
 187:./Libraries/STM32F10x_StdPeriph_Driver/src/misc.c ****   }
 332              		.loc 1 187 14
 333 0024 054B     		ldr	r3, .L17
 334 0026 1A69     		ldr	r2, [r3, #16]
 187:./Libraries/STM32F10x_StdPeriph_Driver/src/misc.c ****   }
 335              		.loc 1 187 29
 336 0028 FB79     		ldrb	r3, [r7, #7]	@ zero_extendqisi2
 187:./Libraries/STM32F10x_StdPeriph_Driver/src/misc.c ****   }
 337              		.loc 1 187 17
 338 002a DB43     		mvns	r3, r3
 187:./Libraries/STM32F10x_StdPeriph_Driver/src/misc.c ****   }
 339              		.loc 1 187 14
 340 002c 0349     		ldr	r1, .L17
 341 002e 1340     		ands	r3, r3, r2
 342 0030 0B61     		str	r3, [r1, #16]
 343              	.L16:
 344              		.loc 1 189 1
 345 0032 00BF     		nop
 346 0034 0C37     		adds	r7, r7, #12
 347              	.LCFI21:
 348              		.cfi_def_cfa_offset 4
 349 0036 BD46     		mov	sp, r7
 350              	.LCFI22:
 351              		.cfi_def_cfa_register 13
 352              		@ sp needed
 353 0038 80BC     		pop	{r7}
 354              	.LCFI23:
 355              		.cfi_restore 7
 356              		.cfi_def_cfa_offset 0
 357 003a 7047     		bx	lr
 358              	.L18:
 359              		.align	2
 360              	.L17:
 361 003c 00ED00E0 		.word	-536810240
 362              		.cfi_endproc
 363              	.LFE32:
 365              		.section	.text.SysTick_CLKSourceConfig,"ax",%progbits
 366              		.align	1
 367              		.global	SysTick_CLKSourceConfig
 368              		.syntax unified
 369              		.thumb
 370              		.thumb_func
 372              	SysTick_CLKSourceConfig:
 373              	.LFB33:
 190:./Libraries/STM32F10x_StdPeriph_Driver/src/misc.c **** 
 191:./Libraries/STM32F10x_StdPeriph_Driver/src/misc.c **** /**
ARM GAS  C:\Users\hao\AppData\Local\Temp\ccGVRRTl.s 			page 11


 192:./Libraries/STM32F10x_StdPeriph_Driver/src/misc.c ****   * @brief  Configures the SysTick clock source.
 193:./Libraries/STM32F10x_StdPeriph_Driver/src/misc.c ****   * @param  SysTick_CLKSource: specifies the SysTick clock source.
 194:./Libraries/STM32F10x_StdPeriph_Driver/src/misc.c ****   *   This parameter can be one of the following values:
 195:./Libraries/STM32F10x_StdPeriph_Driver/src/misc.c ****   *     @arg SysTick_CLKSource_HCLK_Div8: AHB clock divided by 8 selected as SysTick clock source.
 196:./Libraries/STM32F10x_StdPeriph_Driver/src/misc.c ****   *     @arg SysTick_CLKSource_HCLK: AHB clock selected as SysTick clock source.
 197:./Libraries/STM32F10x_StdPeriph_Driver/src/misc.c ****   * @retval None
 198:./Libraries/STM32F10x_StdPeriph_Driver/src/misc.c ****   */
 199:./Libraries/STM32F10x_StdPeriph_Driver/src/misc.c **** void SysTick_CLKSourceConfig(uint32_t SysTick_CLKSource)
 200:./Libraries/STM32F10x_StdPeriph_Driver/src/misc.c **** {
 374              		.loc 1 200 1
 375              		.cfi_startproc
 376              		@ args = 0, pretend = 0, frame = 8
 377              		@ frame_needed = 1, uses_anonymous_args = 0
 378              		@ link register save eliminated.
 379 0000 80B4     		push	{r7}
 380              	.LCFI24:
 381              		.cfi_def_cfa_offset 4
 382              		.cfi_offset 7, -4
 383 0002 83B0     		sub	sp, sp, #12
 384              	.LCFI25:
 385              		.cfi_def_cfa_offset 16
 386 0004 00AF     		add	r7, sp, #0
 387              	.LCFI26:
 388              		.cfi_def_cfa_register 7
 389 0006 7860     		str	r0, [r7, #4]
 201:./Libraries/STM32F10x_StdPeriph_Driver/src/misc.c ****   /* Check the parameters */
 202:./Libraries/STM32F10x_StdPeriph_Driver/src/misc.c ****   assert_param(IS_SYSTICK_CLK_SOURCE(SysTick_CLKSource));
 203:./Libraries/STM32F10x_StdPeriph_Driver/src/misc.c ****   if (SysTick_CLKSource == SysTick_CLKSource_HCLK)
 390              		.loc 1 203 6
 391 0008 7B68     		ldr	r3, [r7, #4]
 392 000a 042B     		cmp	r3, #4
 393 000c 06D1     		bne	.L20
 204:./Libraries/STM32F10x_StdPeriph_Driver/src/misc.c ****   {
 205:./Libraries/STM32F10x_StdPeriph_Driver/src/misc.c ****     SysTick->CTRL |= SysTick_CLKSource_HCLK;
 394              		.loc 1 205 19
 395 000e 094B     		ldr	r3, .L23
 396 0010 1B68     		ldr	r3, [r3]
 397 0012 084A     		ldr	r2, .L23
 398 0014 43F00403 		orr	r3, r3, #4
 399 0018 1360     		str	r3, [r2]
 206:./Libraries/STM32F10x_StdPeriph_Driver/src/misc.c ****   }
 207:./Libraries/STM32F10x_StdPeriph_Driver/src/misc.c ****   else
 208:./Libraries/STM32F10x_StdPeriph_Driver/src/misc.c ****   {
 209:./Libraries/STM32F10x_StdPeriph_Driver/src/misc.c ****     SysTick->CTRL &= SysTick_CLKSource_HCLK_Div8;
 210:./Libraries/STM32F10x_StdPeriph_Driver/src/misc.c ****   }
 211:./Libraries/STM32F10x_StdPeriph_Driver/src/misc.c **** }
 400              		.loc 1 211 1
 401 001a 05E0     		b	.L22
 402              	.L20:
 209:./Libraries/STM32F10x_StdPeriph_Driver/src/misc.c ****   }
 403              		.loc 1 209 19
 404 001c 054B     		ldr	r3, .L23
 405 001e 1B68     		ldr	r3, [r3]
 406 0020 044A     		ldr	r2, .L23
 407 0022 23F00403 		bic	r3, r3, #4
 408 0026 1360     		str	r3, [r2]
 409              	.L22:
ARM GAS  C:\Users\hao\AppData\Local\Temp\ccGVRRTl.s 			page 12


 410              		.loc 1 211 1
 411 0028 00BF     		nop
 412 002a 0C37     		adds	r7, r7, #12
 413              	.LCFI27:
 414              		.cfi_def_cfa_offset 4
 415 002c BD46     		mov	sp, r7
 416              	.LCFI28:
 417              		.cfi_def_cfa_register 13
 418              		@ sp needed
 419 002e 80BC     		pop	{r7}
 420              	.LCFI29:
 421              		.cfi_restore 7
 422              		.cfi_def_cfa_offset 0
 423 0030 7047     		bx	lr
 424              	.L24:
 425 0032 00BF     		.align	2
 426              	.L23:
 427 0034 10E000E0 		.word	-536813552
 428              		.cfi_endproc
 429              	.LFE33:
 431              		.text
 432              	.Letext0:
 433              		.file 2 "c:\\gcc-arm-none-eabi\\arm-none-eabi\\include\\machine\\_default_types.h"
 434              		.file 3 "c:\\gcc-arm-none-eabi\\arm-none-eabi\\include\\sys\\_stdint.h"
 435              		.file 4 "./Libraries/CMSIS/core_cm3.h"
 436              		.file 5 "./Libraries/CMSIS/stm32f10x.h"
 437              		.file 6 "./Libraries/STM32F10x_StdPeriph_Driver/inc/misc.h"
ARM GAS  C:\Users\hao\AppData\Local\Temp\ccGVRRTl.s 			page 13


DEFINED SYMBOLS
                            *ABS*:00000000 misc.c
C:\Users\hao\AppData\Local\Temp\ccGVRRTl.s:18     .text.NVIC_PriorityGroupConfig:00000000 $t
C:\Users\hao\AppData\Local\Temp\ccGVRRTl.s:24     .text.NVIC_PriorityGroupConfig:00000000 NVIC_PriorityGroupConfig
C:\Users\hao\AppData\Local\Temp\ccGVRRTl.s:68     .text.NVIC_PriorityGroupConfig:00000020 $d
C:\Users\hao\AppData\Local\Temp\ccGVRRTl.s:73     .text.NVIC_Init:00000000 $t
C:\Users\hao\AppData\Local\Temp\ccGVRRTl.s:79     .text.NVIC_Init:00000000 NVIC_Init
C:\Users\hao\AppData\Local\Temp\ccGVRRTl.s:226    .text.NVIC_Init:000000bc $d
C:\Users\hao\AppData\Local\Temp\ccGVRRTl.s:232    .text.NVIC_SetVectorTable:00000000 $t
C:\Users\hao\AppData\Local\Temp\ccGVRRTl.s:238    .text.NVIC_SetVectorTable:00000000 NVIC_SetVectorTable
C:\Users\hao\AppData\Local\Temp\ccGVRRTl.s:285    .text.NVIC_SetVectorTable:00000028 $d
C:\Users\hao\AppData\Local\Temp\ccGVRRTl.s:290    .text.NVIC_SystemLPConfig:00000000 $t
C:\Users\hao\AppData\Local\Temp\ccGVRRTl.s:296    .text.NVIC_SystemLPConfig:00000000 NVIC_SystemLPConfig
C:\Users\hao\AppData\Local\Temp\ccGVRRTl.s:361    .text.NVIC_SystemLPConfig:0000003c $d
C:\Users\hao\AppData\Local\Temp\ccGVRRTl.s:366    .text.SysTick_CLKSourceConfig:00000000 $t
C:\Users\hao\AppData\Local\Temp\ccGVRRTl.s:372    .text.SysTick_CLKSourceConfig:00000000 SysTick_CLKSourceConfig
C:\Users\hao\AppData\Local\Temp\ccGVRRTl.s:427    .text.SysTick_CLKSourceConfig:00000034 $d

NO UNDEFINED SYMBOLS
