ARM GAS  C:\Users\hao\AppData\Local\Temp\ccPxKF1N.s 			page 1


   1              		.cpu cortex-m3
   2              		.arch armv7-m
   3              		.fpu softvfp
   4              		.eabi_attribute 20, 1
   5              		.eabi_attribute 21, 1
   6              		.eabi_attribute 23, 3
   7              		.eabi_attribute 24, 1
   8              		.eabi_attribute 25, 1
   9              		.eabi_attribute 26, 1
  10              		.eabi_attribute 30, 6
  11              		.eabi_attribute 34, 1
  12              		.eabi_attribute 18, 4
  13              		.file	"stm32f10x_dbgmcu.c"
  14              		.text
  15              	.Ltext0:
  16              		.cfi_sections	.debug_frame
  17              		.section	.text.DBGMCU_GetREVID,"ax",%progbits
  18              		.align	1
  19              		.global	DBGMCU_GetREVID
  20              		.syntax unified
  21              		.thumb
  22              		.thumb_func
  24              	DBGMCU_GetREVID:
  25              	.LFB29:
  26              		.file 1 "./Libraries/STM32F10x_StdPeriph_Driver/src/stm32f10x_dbgmcu.c"
   1:./Libraries/STM32F10x_StdPeriph_Driver/src/stm32f10x_dbgmcu.c **** /**
   2:./Libraries/STM32F10x_StdPeriph_Driver/src/stm32f10x_dbgmcu.c ****   ******************************************************************************
   3:./Libraries/STM32F10x_StdPeriph_Driver/src/stm32f10x_dbgmcu.c ****   * @file    stm32f10x_dbgmcu.c
   4:./Libraries/STM32F10x_StdPeriph_Driver/src/stm32f10x_dbgmcu.c ****   * @author  MCD Application Team
   5:./Libraries/STM32F10x_StdPeriph_Driver/src/stm32f10x_dbgmcu.c ****   * @version V3.5.0
   6:./Libraries/STM32F10x_StdPeriph_Driver/src/stm32f10x_dbgmcu.c ****   * @date    11-March-2011
   7:./Libraries/STM32F10x_StdPeriph_Driver/src/stm32f10x_dbgmcu.c ****   * @brief   This file provides all the DBGMCU firmware functions.
   8:./Libraries/STM32F10x_StdPeriph_Driver/src/stm32f10x_dbgmcu.c ****   ******************************************************************************
   9:./Libraries/STM32F10x_StdPeriph_Driver/src/stm32f10x_dbgmcu.c ****   * @attention
  10:./Libraries/STM32F10x_StdPeriph_Driver/src/stm32f10x_dbgmcu.c ****   *
  11:./Libraries/STM32F10x_StdPeriph_Driver/src/stm32f10x_dbgmcu.c ****   * THE PRESENT FIRMWARE WHICH IS FOR GUIDANCE ONLY AIMS AT PROVIDING CUSTOMERS
  12:./Libraries/STM32F10x_StdPeriph_Driver/src/stm32f10x_dbgmcu.c ****   * WITH CODING INFORMATION REGARDING THEIR PRODUCTS IN ORDER FOR THEM TO SAVE
  13:./Libraries/STM32F10x_StdPeriph_Driver/src/stm32f10x_dbgmcu.c ****   * TIME. AS A RESULT, STMICROELECTRONICS SHALL NOT BE HELD LIABLE FOR ANY
  14:./Libraries/STM32F10x_StdPeriph_Driver/src/stm32f10x_dbgmcu.c ****   * DIRECT, INDIRECT OR CONSEQUENTIAL DAMAGES WITH RESPECT TO ANY CLAIMS ARISING
  15:./Libraries/STM32F10x_StdPeriph_Driver/src/stm32f10x_dbgmcu.c ****   * FROM THE CONTENT OF SUCH FIRMWARE AND/OR THE USE MADE BY CUSTOMERS OF THE
  16:./Libraries/STM32F10x_StdPeriph_Driver/src/stm32f10x_dbgmcu.c ****   * CODING INFORMATION CONTAINED HEREIN IN CONNECTION WITH THEIR PRODUCTS.
  17:./Libraries/STM32F10x_StdPeriph_Driver/src/stm32f10x_dbgmcu.c ****   *
  18:./Libraries/STM32F10x_StdPeriph_Driver/src/stm32f10x_dbgmcu.c ****   * <h2><center>&copy; COPYRIGHT 2011 STMicroelectronics</center></h2>
  19:./Libraries/STM32F10x_StdPeriph_Driver/src/stm32f10x_dbgmcu.c ****   ******************************************************************************
  20:./Libraries/STM32F10x_StdPeriph_Driver/src/stm32f10x_dbgmcu.c ****   */
  21:./Libraries/STM32F10x_StdPeriph_Driver/src/stm32f10x_dbgmcu.c **** 
  22:./Libraries/STM32F10x_StdPeriph_Driver/src/stm32f10x_dbgmcu.c **** /* Includes ------------------------------------------------------------------*/
  23:./Libraries/STM32F10x_StdPeriph_Driver/src/stm32f10x_dbgmcu.c **** #include "stm32f10x_dbgmcu.h"
  24:./Libraries/STM32F10x_StdPeriph_Driver/src/stm32f10x_dbgmcu.c **** 
  25:./Libraries/STM32F10x_StdPeriph_Driver/src/stm32f10x_dbgmcu.c **** /** @addtogroup STM32F10x_StdPeriph_Driver
  26:./Libraries/STM32F10x_StdPeriph_Driver/src/stm32f10x_dbgmcu.c ****   * @{
  27:./Libraries/STM32F10x_StdPeriph_Driver/src/stm32f10x_dbgmcu.c ****   */
  28:./Libraries/STM32F10x_StdPeriph_Driver/src/stm32f10x_dbgmcu.c **** 
  29:./Libraries/STM32F10x_StdPeriph_Driver/src/stm32f10x_dbgmcu.c **** /** @defgroup DBGMCU 
  30:./Libraries/STM32F10x_StdPeriph_Driver/src/stm32f10x_dbgmcu.c ****   * @brief DBGMCU driver modules
  31:./Libraries/STM32F10x_StdPeriph_Driver/src/stm32f10x_dbgmcu.c ****   * @{
  32:./Libraries/STM32F10x_StdPeriph_Driver/src/stm32f10x_dbgmcu.c ****   */ 
ARM GAS  C:\Users\hao\AppData\Local\Temp\ccPxKF1N.s 			page 2


  33:./Libraries/STM32F10x_StdPeriph_Driver/src/stm32f10x_dbgmcu.c **** 
  34:./Libraries/STM32F10x_StdPeriph_Driver/src/stm32f10x_dbgmcu.c **** /** @defgroup DBGMCU_Private_TypesDefinitions
  35:./Libraries/STM32F10x_StdPeriph_Driver/src/stm32f10x_dbgmcu.c ****   * @{
  36:./Libraries/STM32F10x_StdPeriph_Driver/src/stm32f10x_dbgmcu.c ****   */
  37:./Libraries/STM32F10x_StdPeriph_Driver/src/stm32f10x_dbgmcu.c **** 
  38:./Libraries/STM32F10x_StdPeriph_Driver/src/stm32f10x_dbgmcu.c **** /**
  39:./Libraries/STM32F10x_StdPeriph_Driver/src/stm32f10x_dbgmcu.c ****   * @}
  40:./Libraries/STM32F10x_StdPeriph_Driver/src/stm32f10x_dbgmcu.c ****   */
  41:./Libraries/STM32F10x_StdPeriph_Driver/src/stm32f10x_dbgmcu.c **** 
  42:./Libraries/STM32F10x_StdPeriph_Driver/src/stm32f10x_dbgmcu.c **** /** @defgroup DBGMCU_Private_Defines
  43:./Libraries/STM32F10x_StdPeriph_Driver/src/stm32f10x_dbgmcu.c ****   * @{
  44:./Libraries/STM32F10x_StdPeriph_Driver/src/stm32f10x_dbgmcu.c ****   */
  45:./Libraries/STM32F10x_StdPeriph_Driver/src/stm32f10x_dbgmcu.c **** 
  46:./Libraries/STM32F10x_StdPeriph_Driver/src/stm32f10x_dbgmcu.c **** #define IDCODE_DEVID_MASK    ((uint32_t)0x00000FFF)
  47:./Libraries/STM32F10x_StdPeriph_Driver/src/stm32f10x_dbgmcu.c **** /**
  48:./Libraries/STM32F10x_StdPeriph_Driver/src/stm32f10x_dbgmcu.c ****   * @}
  49:./Libraries/STM32F10x_StdPeriph_Driver/src/stm32f10x_dbgmcu.c ****   */
  50:./Libraries/STM32F10x_StdPeriph_Driver/src/stm32f10x_dbgmcu.c **** 
  51:./Libraries/STM32F10x_StdPeriph_Driver/src/stm32f10x_dbgmcu.c **** /** @defgroup DBGMCU_Private_Macros
  52:./Libraries/STM32F10x_StdPeriph_Driver/src/stm32f10x_dbgmcu.c ****   * @{
  53:./Libraries/STM32F10x_StdPeriph_Driver/src/stm32f10x_dbgmcu.c ****   */
  54:./Libraries/STM32F10x_StdPeriph_Driver/src/stm32f10x_dbgmcu.c **** 
  55:./Libraries/STM32F10x_StdPeriph_Driver/src/stm32f10x_dbgmcu.c **** /**
  56:./Libraries/STM32F10x_StdPeriph_Driver/src/stm32f10x_dbgmcu.c ****   * @}
  57:./Libraries/STM32F10x_StdPeriph_Driver/src/stm32f10x_dbgmcu.c ****   */
  58:./Libraries/STM32F10x_StdPeriph_Driver/src/stm32f10x_dbgmcu.c **** 
  59:./Libraries/STM32F10x_StdPeriph_Driver/src/stm32f10x_dbgmcu.c **** /** @defgroup DBGMCU_Private_Variables
  60:./Libraries/STM32F10x_StdPeriph_Driver/src/stm32f10x_dbgmcu.c ****   * @{
  61:./Libraries/STM32F10x_StdPeriph_Driver/src/stm32f10x_dbgmcu.c ****   */
  62:./Libraries/STM32F10x_StdPeriph_Driver/src/stm32f10x_dbgmcu.c **** 
  63:./Libraries/STM32F10x_StdPeriph_Driver/src/stm32f10x_dbgmcu.c **** /**
  64:./Libraries/STM32F10x_StdPeriph_Driver/src/stm32f10x_dbgmcu.c ****   * @}
  65:./Libraries/STM32F10x_StdPeriph_Driver/src/stm32f10x_dbgmcu.c ****   */
  66:./Libraries/STM32F10x_StdPeriph_Driver/src/stm32f10x_dbgmcu.c **** 
  67:./Libraries/STM32F10x_StdPeriph_Driver/src/stm32f10x_dbgmcu.c **** /** @defgroup DBGMCU_Private_FunctionPrototypes
  68:./Libraries/STM32F10x_StdPeriph_Driver/src/stm32f10x_dbgmcu.c ****   * @{
  69:./Libraries/STM32F10x_StdPeriph_Driver/src/stm32f10x_dbgmcu.c ****   */
  70:./Libraries/STM32F10x_StdPeriph_Driver/src/stm32f10x_dbgmcu.c **** 
  71:./Libraries/STM32F10x_StdPeriph_Driver/src/stm32f10x_dbgmcu.c **** /**
  72:./Libraries/STM32F10x_StdPeriph_Driver/src/stm32f10x_dbgmcu.c ****   * @}
  73:./Libraries/STM32F10x_StdPeriph_Driver/src/stm32f10x_dbgmcu.c ****   */
  74:./Libraries/STM32F10x_StdPeriph_Driver/src/stm32f10x_dbgmcu.c **** 
  75:./Libraries/STM32F10x_StdPeriph_Driver/src/stm32f10x_dbgmcu.c **** /** @defgroup DBGMCU_Private_Functions
  76:./Libraries/STM32F10x_StdPeriph_Driver/src/stm32f10x_dbgmcu.c ****   * @{
  77:./Libraries/STM32F10x_StdPeriph_Driver/src/stm32f10x_dbgmcu.c ****   */
  78:./Libraries/STM32F10x_StdPeriph_Driver/src/stm32f10x_dbgmcu.c **** 
  79:./Libraries/STM32F10x_StdPeriph_Driver/src/stm32f10x_dbgmcu.c **** /**
  80:./Libraries/STM32F10x_StdPeriph_Driver/src/stm32f10x_dbgmcu.c ****   * @brief  Returns the device revision identifier.
  81:./Libraries/STM32F10x_StdPeriph_Driver/src/stm32f10x_dbgmcu.c ****   * @param  None
  82:./Libraries/STM32F10x_StdPeriph_Driver/src/stm32f10x_dbgmcu.c ****   * @retval Device revision identifier
  83:./Libraries/STM32F10x_StdPeriph_Driver/src/stm32f10x_dbgmcu.c ****   */
  84:./Libraries/STM32F10x_StdPeriph_Driver/src/stm32f10x_dbgmcu.c **** uint32_t DBGMCU_GetREVID(void)
  85:./Libraries/STM32F10x_StdPeriph_Driver/src/stm32f10x_dbgmcu.c **** {
  27              		.loc 1 85 1
  28              		.cfi_startproc
  29              		@ args = 0, pretend = 0, frame = 0
  30              		@ frame_needed = 1, uses_anonymous_args = 0
ARM GAS  C:\Users\hao\AppData\Local\Temp\ccPxKF1N.s 			page 3


  31              		@ link register save eliminated.
  32 0000 80B4     		push	{r7}
  33              	.LCFI0:
  34              		.cfi_def_cfa_offset 4
  35              		.cfi_offset 7, -4
  36 0002 00AF     		add	r7, sp, #0
  37              	.LCFI1:
  38              		.cfi_def_cfa_register 7
  86:./Libraries/STM32F10x_StdPeriph_Driver/src/stm32f10x_dbgmcu.c ****    return(DBGMCU->IDCODE >> 16);
  39              		.loc 1 86 17
  40 0004 034B     		ldr	r3, .L3
  41 0006 1B68     		ldr	r3, [r3]
  42              		.loc 1 86 26
  43 0008 1B0C     		lsrs	r3, r3, #16
  87:./Libraries/STM32F10x_StdPeriph_Driver/src/stm32f10x_dbgmcu.c **** }
  44              		.loc 1 87 1
  45 000a 1846     		mov	r0, r3
  46 000c BD46     		mov	sp, r7
  47              	.LCFI2:
  48              		.cfi_def_cfa_register 13
  49              		@ sp needed
  50 000e 80BC     		pop	{r7}
  51              	.LCFI3:
  52              		.cfi_restore 7
  53              		.cfi_def_cfa_offset 0
  54 0010 7047     		bx	lr
  55              	.L4:
  56 0012 00BF     		.align	2
  57              	.L3:
  58 0014 002004E0 		.word	-536600576
  59              		.cfi_endproc
  60              	.LFE29:
  62              		.section	.text.DBGMCU_GetDEVID,"ax",%progbits
  63              		.align	1
  64              		.global	DBGMCU_GetDEVID
  65              		.syntax unified
  66              		.thumb
  67              		.thumb_func
  69              	DBGMCU_GetDEVID:
  70              	.LFB30:
  88:./Libraries/STM32F10x_StdPeriph_Driver/src/stm32f10x_dbgmcu.c **** 
  89:./Libraries/STM32F10x_StdPeriph_Driver/src/stm32f10x_dbgmcu.c **** /**
  90:./Libraries/STM32F10x_StdPeriph_Driver/src/stm32f10x_dbgmcu.c ****   * @brief  Returns the device identifier.
  91:./Libraries/STM32F10x_StdPeriph_Driver/src/stm32f10x_dbgmcu.c ****   * @param  None
  92:./Libraries/STM32F10x_StdPeriph_Driver/src/stm32f10x_dbgmcu.c ****   * @retval Device identifier
  93:./Libraries/STM32F10x_StdPeriph_Driver/src/stm32f10x_dbgmcu.c ****   */
  94:./Libraries/STM32F10x_StdPeriph_Driver/src/stm32f10x_dbgmcu.c **** uint32_t DBGMCU_GetDEVID(void)
  95:./Libraries/STM32F10x_StdPeriph_Driver/src/stm32f10x_dbgmcu.c **** {
  71              		.loc 1 95 1
  72              		.cfi_startproc
  73              		@ args = 0, pretend = 0, frame = 0
  74              		@ frame_needed = 1, uses_anonymous_args = 0
  75              		@ link register save eliminated.
  76 0000 80B4     		push	{r7}
  77              	.LCFI4:
  78              		.cfi_def_cfa_offset 4
  79              		.cfi_offset 7, -4
ARM GAS  C:\Users\hao\AppData\Local\Temp\ccPxKF1N.s 			page 4


  80 0002 00AF     		add	r7, sp, #0
  81              	.LCFI5:
  82              		.cfi_def_cfa_register 7
  96:./Libraries/STM32F10x_StdPeriph_Driver/src/stm32f10x_dbgmcu.c ****    return(DBGMCU->IDCODE & IDCODE_DEVID_MASK);
  83              		.loc 1 96 17
  84 0004 034B     		ldr	r3, .L7
  85 0006 1B68     		ldr	r3, [r3]
  86              		.loc 1 96 26
  87 0008 C3F30B03 		ubfx	r3, r3, #0, #12
  97:./Libraries/STM32F10x_StdPeriph_Driver/src/stm32f10x_dbgmcu.c **** }
  88              		.loc 1 97 1
  89 000c 1846     		mov	r0, r3
  90 000e BD46     		mov	sp, r7
  91              	.LCFI6:
  92              		.cfi_def_cfa_register 13
  93              		@ sp needed
  94 0010 80BC     		pop	{r7}
  95              	.LCFI7:
  96              		.cfi_restore 7
  97              		.cfi_def_cfa_offset 0
  98 0012 7047     		bx	lr
  99              	.L8:
 100              		.align	2
 101              	.L7:
 102 0014 002004E0 		.word	-536600576
 103              		.cfi_endproc
 104              	.LFE30:
 106              		.section	.text.DBGMCU_Config,"ax",%progbits
 107              		.align	1
 108              		.global	DBGMCU_Config
 109              		.syntax unified
 110              		.thumb
 111              		.thumb_func
 113              	DBGMCU_Config:
 114              	.LFB31:
  98:./Libraries/STM32F10x_StdPeriph_Driver/src/stm32f10x_dbgmcu.c **** 
  99:./Libraries/STM32F10x_StdPeriph_Driver/src/stm32f10x_dbgmcu.c **** /**
 100:./Libraries/STM32F10x_StdPeriph_Driver/src/stm32f10x_dbgmcu.c ****   * @brief  Configures the specified peripheral and low power mode behavior
 101:./Libraries/STM32F10x_StdPeriph_Driver/src/stm32f10x_dbgmcu.c ****   *   when the MCU under Debug mode.
 102:./Libraries/STM32F10x_StdPeriph_Driver/src/stm32f10x_dbgmcu.c ****   * @param  DBGMCU_Periph: specifies the peripheral and low power mode.
 103:./Libraries/STM32F10x_StdPeriph_Driver/src/stm32f10x_dbgmcu.c ****   *   This parameter can be any combination of the following values:
 104:./Libraries/STM32F10x_StdPeriph_Driver/src/stm32f10x_dbgmcu.c ****   *     @arg DBGMCU_SLEEP: Keep debugger connection during SLEEP mode              
 105:./Libraries/STM32F10x_StdPeriph_Driver/src/stm32f10x_dbgmcu.c ****   *     @arg DBGMCU_STOP: Keep debugger connection during STOP mode               
 106:./Libraries/STM32F10x_StdPeriph_Driver/src/stm32f10x_dbgmcu.c ****   *     @arg DBGMCU_STANDBY: Keep debugger connection during STANDBY mode            
 107:./Libraries/STM32F10x_StdPeriph_Driver/src/stm32f10x_dbgmcu.c ****   *     @arg DBGMCU_IWDG_STOP: Debug IWDG stopped when Core is halted          
 108:./Libraries/STM32F10x_StdPeriph_Driver/src/stm32f10x_dbgmcu.c ****   *     @arg DBGMCU_WWDG_STOP: Debug WWDG stopped when Core is halted          
 109:./Libraries/STM32F10x_StdPeriph_Driver/src/stm32f10x_dbgmcu.c ****   *     @arg DBGMCU_TIM1_STOP: TIM1 counter stopped when Core is halted          
 110:./Libraries/STM32F10x_StdPeriph_Driver/src/stm32f10x_dbgmcu.c ****   *     @arg DBGMCU_TIM2_STOP: TIM2 counter stopped when Core is halted          
 111:./Libraries/STM32F10x_StdPeriph_Driver/src/stm32f10x_dbgmcu.c ****   *     @arg DBGMCU_TIM3_STOP: TIM3 counter stopped when Core is halted          
 112:./Libraries/STM32F10x_StdPeriph_Driver/src/stm32f10x_dbgmcu.c ****   *     @arg DBGMCU_TIM4_STOP: TIM4 counter stopped when Core is halted          
 113:./Libraries/STM32F10x_StdPeriph_Driver/src/stm32f10x_dbgmcu.c ****   *     @arg DBGMCU_CAN1_STOP: Debug CAN2 stopped when Core is halted           
 114:./Libraries/STM32F10x_StdPeriph_Driver/src/stm32f10x_dbgmcu.c ****   *     @arg DBGMCU_I2C1_SMBUS_TIMEOUT: I2C1 SMBUS timeout mode stopped when Core is halted
 115:./Libraries/STM32F10x_StdPeriph_Driver/src/stm32f10x_dbgmcu.c ****   *     @arg DBGMCU_I2C2_SMBUS_TIMEOUT: I2C2 SMBUS timeout mode stopped when Core is halted
 116:./Libraries/STM32F10x_StdPeriph_Driver/src/stm32f10x_dbgmcu.c ****   *     @arg DBGMCU_TIM5_STOP: TIM5 counter stopped when Core is halted          
 117:./Libraries/STM32F10x_StdPeriph_Driver/src/stm32f10x_dbgmcu.c ****   *     @arg DBGMCU_TIM6_STOP: TIM6 counter stopped when Core is halted          
 118:./Libraries/STM32F10x_StdPeriph_Driver/src/stm32f10x_dbgmcu.c ****   *     @arg DBGMCU_TIM7_STOP: TIM7 counter stopped when Core is halted          
 119:./Libraries/STM32F10x_StdPeriph_Driver/src/stm32f10x_dbgmcu.c ****   *     @arg DBGMCU_TIM8_STOP: TIM8 counter stopped when Core is halted
ARM GAS  C:\Users\hao\AppData\Local\Temp\ccPxKF1N.s 			page 5


 120:./Libraries/STM32F10x_StdPeriph_Driver/src/stm32f10x_dbgmcu.c ****   *     @arg DBGMCU_CAN2_STOP: Debug CAN2 stopped when Core is halted 
 121:./Libraries/STM32F10x_StdPeriph_Driver/src/stm32f10x_dbgmcu.c ****   *     @arg DBGMCU_TIM15_STOP: TIM15 counter stopped when Core is halted
 122:./Libraries/STM32F10x_StdPeriph_Driver/src/stm32f10x_dbgmcu.c ****   *     @arg DBGMCU_TIM16_STOP: TIM16 counter stopped when Core is halted
 123:./Libraries/STM32F10x_StdPeriph_Driver/src/stm32f10x_dbgmcu.c ****   *     @arg DBGMCU_TIM17_STOP: TIM17 counter stopped when Core is halted                
 124:./Libraries/STM32F10x_StdPeriph_Driver/src/stm32f10x_dbgmcu.c ****   *     @arg DBGMCU_TIM9_STOP: TIM9 counter stopped when Core is halted
 125:./Libraries/STM32F10x_StdPeriph_Driver/src/stm32f10x_dbgmcu.c ****   *     @arg DBGMCU_TIM10_STOP: TIM10 counter stopped when Core is halted
 126:./Libraries/STM32F10x_StdPeriph_Driver/src/stm32f10x_dbgmcu.c ****   *     @arg DBGMCU_TIM11_STOP: TIM11 counter stopped when Core is halted
 127:./Libraries/STM32F10x_StdPeriph_Driver/src/stm32f10x_dbgmcu.c ****   *     @arg DBGMCU_TIM12_STOP: TIM12 counter stopped when Core is halted
 128:./Libraries/STM32F10x_StdPeriph_Driver/src/stm32f10x_dbgmcu.c ****   *     @arg DBGMCU_TIM13_STOP: TIM13 counter stopped when Core is halted
 129:./Libraries/STM32F10x_StdPeriph_Driver/src/stm32f10x_dbgmcu.c ****   *     @arg DBGMCU_TIM14_STOP: TIM14 counter stopped when Core is halted
 130:./Libraries/STM32F10x_StdPeriph_Driver/src/stm32f10x_dbgmcu.c ****   * @param  NewState: new state of the specified peripheral in Debug mode.
 131:./Libraries/STM32F10x_StdPeriph_Driver/src/stm32f10x_dbgmcu.c ****   *   This parameter can be: ENABLE or DISABLE.
 132:./Libraries/STM32F10x_StdPeriph_Driver/src/stm32f10x_dbgmcu.c ****   * @retval None
 133:./Libraries/STM32F10x_StdPeriph_Driver/src/stm32f10x_dbgmcu.c ****   */
 134:./Libraries/STM32F10x_StdPeriph_Driver/src/stm32f10x_dbgmcu.c **** void DBGMCU_Config(uint32_t DBGMCU_Periph, FunctionalState NewState)
 135:./Libraries/STM32F10x_StdPeriph_Driver/src/stm32f10x_dbgmcu.c **** {
 115              		.loc 1 135 1
 116              		.cfi_startproc
 117              		@ args = 0, pretend = 0, frame = 8
 118              		@ frame_needed = 1, uses_anonymous_args = 0
 119              		@ link register save eliminated.
 120 0000 80B4     		push	{r7}
 121              	.LCFI8:
 122              		.cfi_def_cfa_offset 4
 123              		.cfi_offset 7, -4
 124 0002 83B0     		sub	sp, sp, #12
 125              	.LCFI9:
 126              		.cfi_def_cfa_offset 16
 127 0004 00AF     		add	r7, sp, #0
 128              	.LCFI10:
 129              		.cfi_def_cfa_register 7
 130 0006 7860     		str	r0, [r7, #4]
 131 0008 0B46     		mov	r3, r1
 132 000a FB70     		strb	r3, [r7, #3]
 136:./Libraries/STM32F10x_StdPeriph_Driver/src/stm32f10x_dbgmcu.c ****   /* Check the parameters */
 137:./Libraries/STM32F10x_StdPeriph_Driver/src/stm32f10x_dbgmcu.c ****   assert_param(IS_DBGMCU_PERIPH(DBGMCU_Periph));
 138:./Libraries/STM32F10x_StdPeriph_Driver/src/stm32f10x_dbgmcu.c ****   assert_param(IS_FUNCTIONAL_STATE(NewState));
 139:./Libraries/STM32F10x_StdPeriph_Driver/src/stm32f10x_dbgmcu.c **** 
 140:./Libraries/STM32F10x_StdPeriph_Driver/src/stm32f10x_dbgmcu.c ****   if (NewState != DISABLE)
 133              		.loc 1 140 6
 134 000c FB78     		ldrb	r3, [r7, #3]	@ zero_extendqisi2
 135 000e 002B     		cmp	r3, #0
 136 0010 06D0     		beq	.L10
 141:./Libraries/STM32F10x_StdPeriph_Driver/src/stm32f10x_dbgmcu.c ****   {
 142:./Libraries/STM32F10x_StdPeriph_Driver/src/stm32f10x_dbgmcu.c ****     DBGMCU->CR |= DBGMCU_Periph;
 137              		.loc 1 142 16
 138 0012 094B     		ldr	r3, .L13
 139 0014 5A68     		ldr	r2, [r3, #4]
 140 0016 0849     		ldr	r1, .L13
 141 0018 7B68     		ldr	r3, [r7, #4]
 142 001a 1343     		orrs	r3, r3, r2
 143 001c 4B60     		str	r3, [r1, #4]
 143:./Libraries/STM32F10x_StdPeriph_Driver/src/stm32f10x_dbgmcu.c ****   }
 144:./Libraries/STM32F10x_StdPeriph_Driver/src/stm32f10x_dbgmcu.c ****   else
 145:./Libraries/STM32F10x_StdPeriph_Driver/src/stm32f10x_dbgmcu.c ****   {
 146:./Libraries/STM32F10x_StdPeriph_Driver/src/stm32f10x_dbgmcu.c ****     DBGMCU->CR &= ~DBGMCU_Periph;
 147:./Libraries/STM32F10x_StdPeriph_Driver/src/stm32f10x_dbgmcu.c ****   }
ARM GAS  C:\Users\hao\AppData\Local\Temp\ccPxKF1N.s 			page 6


 148:./Libraries/STM32F10x_StdPeriph_Driver/src/stm32f10x_dbgmcu.c **** }
 144              		.loc 1 148 1
 145 001e 06E0     		b	.L12
 146              	.L10:
 146:./Libraries/STM32F10x_StdPeriph_Driver/src/stm32f10x_dbgmcu.c ****   }
 147              		.loc 1 146 16
 148 0020 054B     		ldr	r3, .L13
 149 0022 5A68     		ldr	r2, [r3, #4]
 146:./Libraries/STM32F10x_StdPeriph_Driver/src/stm32f10x_dbgmcu.c ****   }
 150              		.loc 1 146 19
 151 0024 7B68     		ldr	r3, [r7, #4]
 152 0026 DB43     		mvns	r3, r3
 146:./Libraries/STM32F10x_StdPeriph_Driver/src/stm32f10x_dbgmcu.c ****   }
 153              		.loc 1 146 16
 154 0028 0349     		ldr	r1, .L13
 155 002a 1340     		ands	r3, r3, r2
 156 002c 4B60     		str	r3, [r1, #4]
 157              	.L12:
 158              		.loc 1 148 1
 159 002e 00BF     		nop
 160 0030 0C37     		adds	r7, r7, #12
 161              	.LCFI11:
 162              		.cfi_def_cfa_offset 4
 163 0032 BD46     		mov	sp, r7
 164              	.LCFI12:
 165              		.cfi_def_cfa_register 13
 166              		@ sp needed
 167 0034 80BC     		pop	{r7}
 168              	.LCFI13:
 169              		.cfi_restore 7
 170              		.cfi_def_cfa_offset 0
 171 0036 7047     		bx	lr
 172              	.L14:
 173              		.align	2
 174              	.L13:
 175 0038 002004E0 		.word	-536600576
 176              		.cfi_endproc
 177              	.LFE31:
 179              		.text
 180              	.Letext0:
 181              		.file 2 "c:\\gcc-arm-none-eabi\\arm-none-eabi\\include\\machine\\_default_types.h"
 182              		.file 3 "c:\\gcc-arm-none-eabi\\arm-none-eabi\\include\\sys\\_stdint.h"
 183              		.file 4 "./Libraries/CMSIS/stm32f10x.h"
ARM GAS  C:\Users\hao\AppData\Local\Temp\ccPxKF1N.s 			page 7


DEFINED SYMBOLS
                            *ABS*:00000000 stm32f10x_dbgmcu.c
C:\Users\hao\AppData\Local\Temp\ccPxKF1N.s:18     .text.DBGMCU_GetREVID:00000000 $t
C:\Users\hao\AppData\Local\Temp\ccPxKF1N.s:24     .text.DBGMCU_GetREVID:00000000 DBGMCU_GetREVID
C:\Users\hao\AppData\Local\Temp\ccPxKF1N.s:58     .text.DBGMCU_GetREVID:00000014 $d
C:\Users\hao\AppData\Local\Temp\ccPxKF1N.s:63     .text.DBGMCU_GetDEVID:00000000 $t
C:\Users\hao\AppData\Local\Temp\ccPxKF1N.s:69     .text.DBGMCU_GetDEVID:00000000 DBGMCU_GetDEVID
C:\Users\hao\AppData\Local\Temp\ccPxKF1N.s:102    .text.DBGMCU_GetDEVID:00000014 $d
C:\Users\hao\AppData\Local\Temp\ccPxKF1N.s:107    .text.DBGMCU_Config:00000000 $t
C:\Users\hao\AppData\Local\Temp\ccPxKF1N.s:113    .text.DBGMCU_Config:00000000 DBGMCU_Config
C:\Users\hao\AppData\Local\Temp\ccPxKF1N.s:175    .text.DBGMCU_Config:00000038 $d

NO UNDEFINED SYMBOLS
