ARM GAS  C:\Users\hao\AppData\Local\Temp\cc5g8mNT.s 			page 1


   1              		.cpu cortex-m3
   2              		.arch armv7-m
   3              		.fpu softvfp
   4              		.eabi_attribute 20, 1
   5              		.eabi_attribute 21, 1
   6              		.eabi_attribute 23, 3
   7              		.eabi_attribute 24, 1
   8              		.eabi_attribute 25, 1
   9              		.eabi_attribute 26, 1
  10              		.eabi_attribute 30, 6
  11              		.eabi_attribute 34, 1
  12              		.eabi_attribute 18, 4
  13              		.file	"stm32f10x_rtc.c"
  14              		.text
  15              	.Ltext0:
  16              		.cfi_sections	.debug_frame
  17              		.section	.text.RTC_ITConfig,"ax",%progbits
  18              		.align	1
  19              		.global	RTC_ITConfig
  20              		.syntax unified
  21              		.thumb
  22              		.thumb_func
  24              	RTC_ITConfig:
  25              	.LFB29:
  26              		.file 1 "./Libraries/STM32F10x_StdPeriph_Driver/src/stm32f10x_rtc.c"
   1:./Libraries/STM32F10x_StdPeriph_Driver/src/stm32f10x_rtc.c **** /**
   2:./Libraries/STM32F10x_StdPeriph_Driver/src/stm32f10x_rtc.c ****   ******************************************************************************
   3:./Libraries/STM32F10x_StdPeriph_Driver/src/stm32f10x_rtc.c ****   * @file    stm32f10x_rtc.c
   4:./Libraries/STM32F10x_StdPeriph_Driver/src/stm32f10x_rtc.c ****   * @author  MCD Application Team
   5:./Libraries/STM32F10x_StdPeriph_Driver/src/stm32f10x_rtc.c ****   * @version V3.5.0
   6:./Libraries/STM32F10x_StdPeriph_Driver/src/stm32f10x_rtc.c ****   * @date    11-March-2011
   7:./Libraries/STM32F10x_StdPeriph_Driver/src/stm32f10x_rtc.c ****   * @brief   This file provides all the RTC firmware functions.
   8:./Libraries/STM32F10x_StdPeriph_Driver/src/stm32f10x_rtc.c ****   ******************************************************************************
   9:./Libraries/STM32F10x_StdPeriph_Driver/src/stm32f10x_rtc.c ****   * @attention
  10:./Libraries/STM32F10x_StdPeriph_Driver/src/stm32f10x_rtc.c ****   *
  11:./Libraries/STM32F10x_StdPeriph_Driver/src/stm32f10x_rtc.c ****   * THE PRESENT FIRMWARE WHICH IS FOR GUIDANCE ONLY AIMS AT PROVIDING CUSTOMERS
  12:./Libraries/STM32F10x_StdPeriph_Driver/src/stm32f10x_rtc.c ****   * WITH CODING INFORMATION REGARDING THEIR PRODUCTS IN ORDER FOR THEM TO SAVE
  13:./Libraries/STM32F10x_StdPeriph_Driver/src/stm32f10x_rtc.c ****   * TIME. AS A RESULT, STMICROELECTRONICS SHALL NOT BE HELD LIABLE FOR ANY
  14:./Libraries/STM32F10x_StdPeriph_Driver/src/stm32f10x_rtc.c ****   * DIRECT, INDIRECT OR CONSEQUENTIAL DAMAGES WITH RESPECT TO ANY CLAIMS ARISING
  15:./Libraries/STM32F10x_StdPeriph_Driver/src/stm32f10x_rtc.c ****   * FROM THE CONTENT OF SUCH FIRMWARE AND/OR THE USE MADE BY CUSTOMERS OF THE
  16:./Libraries/STM32F10x_StdPeriph_Driver/src/stm32f10x_rtc.c ****   * CODING INFORMATION CONTAINED HEREIN IN CONNECTION WITH THEIR PRODUCTS.
  17:./Libraries/STM32F10x_StdPeriph_Driver/src/stm32f10x_rtc.c ****   *
  18:./Libraries/STM32F10x_StdPeriph_Driver/src/stm32f10x_rtc.c ****   * <h2><center>&copy; COPYRIGHT 2011 STMicroelectronics</center></h2>
  19:./Libraries/STM32F10x_StdPeriph_Driver/src/stm32f10x_rtc.c ****   ******************************************************************************
  20:./Libraries/STM32F10x_StdPeriph_Driver/src/stm32f10x_rtc.c ****   */
  21:./Libraries/STM32F10x_StdPeriph_Driver/src/stm32f10x_rtc.c **** 
  22:./Libraries/STM32F10x_StdPeriph_Driver/src/stm32f10x_rtc.c **** /* Includes ------------------------------------------------------------------*/
  23:./Libraries/STM32F10x_StdPeriph_Driver/src/stm32f10x_rtc.c **** #include "stm32f10x_rtc.h"
  24:./Libraries/STM32F10x_StdPeriph_Driver/src/stm32f10x_rtc.c **** 
  25:./Libraries/STM32F10x_StdPeriph_Driver/src/stm32f10x_rtc.c **** /** @addtogroup STM32F10x_StdPeriph_Driver
  26:./Libraries/STM32F10x_StdPeriph_Driver/src/stm32f10x_rtc.c ****   * @{
  27:./Libraries/STM32F10x_StdPeriph_Driver/src/stm32f10x_rtc.c ****   */
  28:./Libraries/STM32F10x_StdPeriph_Driver/src/stm32f10x_rtc.c **** 
  29:./Libraries/STM32F10x_StdPeriph_Driver/src/stm32f10x_rtc.c **** /** @defgroup RTC 
  30:./Libraries/STM32F10x_StdPeriph_Driver/src/stm32f10x_rtc.c ****   * @brief RTC driver modules
  31:./Libraries/STM32F10x_StdPeriph_Driver/src/stm32f10x_rtc.c ****   * @{
  32:./Libraries/STM32F10x_StdPeriph_Driver/src/stm32f10x_rtc.c ****   */
ARM GAS  C:\Users\hao\AppData\Local\Temp\cc5g8mNT.s 			page 2


  33:./Libraries/STM32F10x_StdPeriph_Driver/src/stm32f10x_rtc.c **** 
  34:./Libraries/STM32F10x_StdPeriph_Driver/src/stm32f10x_rtc.c **** /** @defgroup RTC_Private_TypesDefinitions
  35:./Libraries/STM32F10x_StdPeriph_Driver/src/stm32f10x_rtc.c ****   * @{
  36:./Libraries/STM32F10x_StdPeriph_Driver/src/stm32f10x_rtc.c ****   */ 
  37:./Libraries/STM32F10x_StdPeriph_Driver/src/stm32f10x_rtc.c **** /**
  38:./Libraries/STM32F10x_StdPeriph_Driver/src/stm32f10x_rtc.c ****   * @}
  39:./Libraries/STM32F10x_StdPeriph_Driver/src/stm32f10x_rtc.c ****   */
  40:./Libraries/STM32F10x_StdPeriph_Driver/src/stm32f10x_rtc.c **** 
  41:./Libraries/STM32F10x_StdPeriph_Driver/src/stm32f10x_rtc.c **** /** @defgroup RTC_Private_Defines
  42:./Libraries/STM32F10x_StdPeriph_Driver/src/stm32f10x_rtc.c ****   * @{
  43:./Libraries/STM32F10x_StdPeriph_Driver/src/stm32f10x_rtc.c ****   */
  44:./Libraries/STM32F10x_StdPeriph_Driver/src/stm32f10x_rtc.c **** #define RTC_LSB_MASK     ((uint32_t)0x0000FFFF)  /*!< RTC LSB Mask */
  45:./Libraries/STM32F10x_StdPeriph_Driver/src/stm32f10x_rtc.c **** #define PRLH_MSB_MASK    ((uint32_t)0x000F0000)  /*!< RTC Prescaler MSB Mask */
  46:./Libraries/STM32F10x_StdPeriph_Driver/src/stm32f10x_rtc.c **** 
  47:./Libraries/STM32F10x_StdPeriph_Driver/src/stm32f10x_rtc.c **** /**
  48:./Libraries/STM32F10x_StdPeriph_Driver/src/stm32f10x_rtc.c ****   * @}
  49:./Libraries/STM32F10x_StdPeriph_Driver/src/stm32f10x_rtc.c ****   */
  50:./Libraries/STM32F10x_StdPeriph_Driver/src/stm32f10x_rtc.c **** 
  51:./Libraries/STM32F10x_StdPeriph_Driver/src/stm32f10x_rtc.c **** /** @defgroup RTC_Private_Macros
  52:./Libraries/STM32F10x_StdPeriph_Driver/src/stm32f10x_rtc.c ****   * @{
  53:./Libraries/STM32F10x_StdPeriph_Driver/src/stm32f10x_rtc.c ****   */
  54:./Libraries/STM32F10x_StdPeriph_Driver/src/stm32f10x_rtc.c **** 
  55:./Libraries/STM32F10x_StdPeriph_Driver/src/stm32f10x_rtc.c **** /**
  56:./Libraries/STM32F10x_StdPeriph_Driver/src/stm32f10x_rtc.c ****   * @}
  57:./Libraries/STM32F10x_StdPeriph_Driver/src/stm32f10x_rtc.c ****   */
  58:./Libraries/STM32F10x_StdPeriph_Driver/src/stm32f10x_rtc.c **** 
  59:./Libraries/STM32F10x_StdPeriph_Driver/src/stm32f10x_rtc.c **** /** @defgroup RTC_Private_Variables
  60:./Libraries/STM32F10x_StdPeriph_Driver/src/stm32f10x_rtc.c ****   * @{
  61:./Libraries/STM32F10x_StdPeriph_Driver/src/stm32f10x_rtc.c ****   */
  62:./Libraries/STM32F10x_StdPeriph_Driver/src/stm32f10x_rtc.c **** 
  63:./Libraries/STM32F10x_StdPeriph_Driver/src/stm32f10x_rtc.c **** /**
  64:./Libraries/STM32F10x_StdPeriph_Driver/src/stm32f10x_rtc.c ****   * @}
  65:./Libraries/STM32F10x_StdPeriph_Driver/src/stm32f10x_rtc.c ****   */
  66:./Libraries/STM32F10x_StdPeriph_Driver/src/stm32f10x_rtc.c **** 
  67:./Libraries/STM32F10x_StdPeriph_Driver/src/stm32f10x_rtc.c **** /** @defgroup RTC_Private_FunctionPrototypes
  68:./Libraries/STM32F10x_StdPeriph_Driver/src/stm32f10x_rtc.c ****   * @{
  69:./Libraries/STM32F10x_StdPeriph_Driver/src/stm32f10x_rtc.c ****   */
  70:./Libraries/STM32F10x_StdPeriph_Driver/src/stm32f10x_rtc.c **** 
  71:./Libraries/STM32F10x_StdPeriph_Driver/src/stm32f10x_rtc.c **** /**
  72:./Libraries/STM32F10x_StdPeriph_Driver/src/stm32f10x_rtc.c ****   * @}
  73:./Libraries/STM32F10x_StdPeriph_Driver/src/stm32f10x_rtc.c ****   */
  74:./Libraries/STM32F10x_StdPeriph_Driver/src/stm32f10x_rtc.c **** 
  75:./Libraries/STM32F10x_StdPeriph_Driver/src/stm32f10x_rtc.c **** /** @defgroup RTC_Private_Functions
  76:./Libraries/STM32F10x_StdPeriph_Driver/src/stm32f10x_rtc.c ****   * @{
  77:./Libraries/STM32F10x_StdPeriph_Driver/src/stm32f10x_rtc.c ****   */
  78:./Libraries/STM32F10x_StdPeriph_Driver/src/stm32f10x_rtc.c **** 
  79:./Libraries/STM32F10x_StdPeriph_Driver/src/stm32f10x_rtc.c **** /**
  80:./Libraries/STM32F10x_StdPeriph_Driver/src/stm32f10x_rtc.c ****   * @brief  Enables or disables the specified RTC interrupts.
  81:./Libraries/STM32F10x_StdPeriph_Driver/src/stm32f10x_rtc.c ****   * @param  RTC_IT: specifies the RTC interrupts sources to be enabled or disabled.
  82:./Libraries/STM32F10x_StdPeriph_Driver/src/stm32f10x_rtc.c ****   *   This parameter can be any combination of the following values:
  83:./Libraries/STM32F10x_StdPeriph_Driver/src/stm32f10x_rtc.c ****   *     @arg RTC_IT_OW: Overflow interrupt
  84:./Libraries/STM32F10x_StdPeriph_Driver/src/stm32f10x_rtc.c ****   *     @arg RTC_IT_ALR: Alarm interrupt
  85:./Libraries/STM32F10x_StdPeriph_Driver/src/stm32f10x_rtc.c ****   *     @arg RTC_IT_SEC: Second interrupt
  86:./Libraries/STM32F10x_StdPeriph_Driver/src/stm32f10x_rtc.c ****   * @param  NewState: new state of the specified RTC interrupts.
  87:./Libraries/STM32F10x_StdPeriph_Driver/src/stm32f10x_rtc.c ****   *   This parameter can be: ENABLE or DISABLE.
  88:./Libraries/STM32F10x_StdPeriph_Driver/src/stm32f10x_rtc.c ****   * @retval None
  89:./Libraries/STM32F10x_StdPeriph_Driver/src/stm32f10x_rtc.c ****   */
ARM GAS  C:\Users\hao\AppData\Local\Temp\cc5g8mNT.s 			page 3


  90:./Libraries/STM32F10x_StdPeriph_Driver/src/stm32f10x_rtc.c **** void RTC_ITConfig(uint16_t RTC_IT, FunctionalState NewState)
  91:./Libraries/STM32F10x_StdPeriph_Driver/src/stm32f10x_rtc.c **** {
  27              		.loc 1 91 1
  28              		.cfi_startproc
  29              		@ args = 0, pretend = 0, frame = 8
  30              		@ frame_needed = 1, uses_anonymous_args = 0
  31              		@ link register save eliminated.
  32 0000 80B4     		push	{r7}
  33              	.LCFI0:
  34              		.cfi_def_cfa_offset 4
  35              		.cfi_offset 7, -4
  36 0002 83B0     		sub	sp, sp, #12
  37              	.LCFI1:
  38              		.cfi_def_cfa_offset 16
  39 0004 00AF     		add	r7, sp, #0
  40              	.LCFI2:
  41              		.cfi_def_cfa_register 7
  42 0006 0346     		mov	r3, r0
  43 0008 0A46     		mov	r2, r1
  44 000a FB80     		strh	r3, [r7, #6]	@ movhi
  45 000c 1346     		mov	r3, r2
  46 000e 7B71     		strb	r3, [r7, #5]
  92:./Libraries/STM32F10x_StdPeriph_Driver/src/stm32f10x_rtc.c ****   /* Check the parameters */
  93:./Libraries/STM32F10x_StdPeriph_Driver/src/stm32f10x_rtc.c ****   assert_param(IS_RTC_IT(RTC_IT));  
  94:./Libraries/STM32F10x_StdPeriph_Driver/src/stm32f10x_rtc.c ****   assert_param(IS_FUNCTIONAL_STATE(NewState));
  95:./Libraries/STM32F10x_StdPeriph_Driver/src/stm32f10x_rtc.c ****   
  96:./Libraries/STM32F10x_StdPeriph_Driver/src/stm32f10x_rtc.c ****   if (NewState != DISABLE)
  47              		.loc 1 96 6
  48 0010 7B79     		ldrb	r3, [r7, #5]	@ zero_extendqisi2
  49 0012 002B     		cmp	r3, #0
  50 0014 08D0     		beq	.L2
  97:./Libraries/STM32F10x_StdPeriph_Driver/src/stm32f10x_rtc.c ****   {
  98:./Libraries/STM32F10x_StdPeriph_Driver/src/stm32f10x_rtc.c ****     RTC->CRH |= RTC_IT;
  51              		.loc 1 98 14
  52 0016 0C4B     		ldr	r3, .L5
  53 0018 1B88     		ldrh	r3, [r3]	@ movhi
  54 001a 9AB2     		uxth	r2, r3
  55 001c 0A49     		ldr	r1, .L5
  56 001e FB88     		ldrh	r3, [r7, #6]	@ movhi
  57 0020 1343     		orrs	r3, r3, r2
  58 0022 9BB2     		uxth	r3, r3
  59 0024 0B80     		strh	r3, [r1]	@ movhi
  99:./Libraries/STM32F10x_StdPeriph_Driver/src/stm32f10x_rtc.c ****   }
 100:./Libraries/STM32F10x_StdPeriph_Driver/src/stm32f10x_rtc.c ****   else
 101:./Libraries/STM32F10x_StdPeriph_Driver/src/stm32f10x_rtc.c ****   {
 102:./Libraries/STM32F10x_StdPeriph_Driver/src/stm32f10x_rtc.c ****     RTC->CRH &= (uint16_t)~RTC_IT;
 103:./Libraries/STM32F10x_StdPeriph_Driver/src/stm32f10x_rtc.c ****   }
 104:./Libraries/STM32F10x_StdPeriph_Driver/src/stm32f10x_rtc.c **** }
  60              		.loc 1 104 1
  61 0026 09E0     		b	.L4
  62              	.L2:
 102:./Libraries/STM32F10x_StdPeriph_Driver/src/stm32f10x_rtc.c ****   }
  63              		.loc 1 102 14
  64 0028 074B     		ldr	r3, .L5
  65 002a 1B88     		ldrh	r3, [r3]	@ movhi
  66 002c 9AB2     		uxth	r2, r3
 102:./Libraries/STM32F10x_StdPeriph_Driver/src/stm32f10x_rtc.c ****   }
ARM GAS  C:\Users\hao\AppData\Local\Temp\cc5g8mNT.s 			page 4


  67              		.loc 1 102 17
  68 002e FB88     		ldrh	r3, [r7, #6]	@ movhi
  69 0030 DB43     		mvns	r3, r3
  70 0032 9BB2     		uxth	r3, r3
 102:./Libraries/STM32F10x_StdPeriph_Driver/src/stm32f10x_rtc.c ****   }
  71              		.loc 1 102 14
  72 0034 0449     		ldr	r1, .L5
  73 0036 1340     		ands	r3, r3, r2
  74 0038 9BB2     		uxth	r3, r3
  75 003a 0B80     		strh	r3, [r1]	@ movhi
  76              	.L4:
  77              		.loc 1 104 1
  78 003c 00BF     		nop
  79 003e 0C37     		adds	r7, r7, #12
  80              	.LCFI3:
  81              		.cfi_def_cfa_offset 4
  82 0040 BD46     		mov	sp, r7
  83              	.LCFI4:
  84              		.cfi_def_cfa_register 13
  85              		@ sp needed
  86 0042 80BC     		pop	{r7}
  87              	.LCFI5:
  88              		.cfi_restore 7
  89              		.cfi_def_cfa_offset 0
  90 0044 7047     		bx	lr
  91              	.L6:
  92 0046 00BF     		.align	2
  93              	.L5:
  94 0048 00280040 		.word	1073752064
  95              		.cfi_endproc
  96              	.LFE29:
  98              		.section	.text.RTC_EnterConfigMode,"ax",%progbits
  99              		.align	1
 100              		.global	RTC_EnterConfigMode
 101              		.syntax unified
 102              		.thumb
 103              		.thumb_func
 105              	RTC_EnterConfigMode:
 106              	.LFB30:
 105:./Libraries/STM32F10x_StdPeriph_Driver/src/stm32f10x_rtc.c **** 
 106:./Libraries/STM32F10x_StdPeriph_Driver/src/stm32f10x_rtc.c **** /**
 107:./Libraries/STM32F10x_StdPeriph_Driver/src/stm32f10x_rtc.c ****   * @brief  Enters the RTC configuration mode.
 108:./Libraries/STM32F10x_StdPeriph_Driver/src/stm32f10x_rtc.c ****   * @param  None
 109:./Libraries/STM32F10x_StdPeriph_Driver/src/stm32f10x_rtc.c ****   * @retval None
 110:./Libraries/STM32F10x_StdPeriph_Driver/src/stm32f10x_rtc.c ****   */
 111:./Libraries/STM32F10x_StdPeriph_Driver/src/stm32f10x_rtc.c **** void RTC_EnterConfigMode(void)
 112:./Libraries/STM32F10x_StdPeriph_Driver/src/stm32f10x_rtc.c **** {
 107              		.loc 1 112 1
 108              		.cfi_startproc
 109              		@ args = 0, pretend = 0, frame = 0
 110              		@ frame_needed = 1, uses_anonymous_args = 0
 111              		@ link register save eliminated.
 112 0000 80B4     		push	{r7}
 113              	.LCFI6:
 114              		.cfi_def_cfa_offset 4
 115              		.cfi_offset 7, -4
 116 0002 00AF     		add	r7, sp, #0
ARM GAS  C:\Users\hao\AppData\Local\Temp\cc5g8mNT.s 			page 5


 117              	.LCFI7:
 118              		.cfi_def_cfa_register 7
 113:./Libraries/STM32F10x_StdPeriph_Driver/src/stm32f10x_rtc.c ****   /* Set the CNF flag to enter in the Configuration Mode */
 114:./Libraries/STM32F10x_StdPeriph_Driver/src/stm32f10x_rtc.c ****   RTC->CRL |= RTC_CRL_CNF;
 119              		.loc 1 114 12
 120 0004 054B     		ldr	r3, .L8
 121 0006 9B88     		ldrh	r3, [r3, #4]	@ movhi
 122 0008 9BB2     		uxth	r3, r3
 123 000a 044A     		ldr	r2, .L8
 124 000c 43F01003 		orr	r3, r3, #16
 125 0010 9BB2     		uxth	r3, r3
 126 0012 9380     		strh	r3, [r2, #4]	@ movhi
 115:./Libraries/STM32F10x_StdPeriph_Driver/src/stm32f10x_rtc.c **** }
 127              		.loc 1 115 1
 128 0014 00BF     		nop
 129 0016 BD46     		mov	sp, r7
 130              	.LCFI8:
 131              		.cfi_def_cfa_register 13
 132              		@ sp needed
 133 0018 80BC     		pop	{r7}
 134              	.LCFI9:
 135              		.cfi_restore 7
 136              		.cfi_def_cfa_offset 0
 137 001a 7047     		bx	lr
 138              	.L9:
 139              		.align	2
 140              	.L8:
 141 001c 00280040 		.word	1073752064
 142              		.cfi_endproc
 143              	.LFE30:
 145              		.section	.text.RTC_ExitConfigMode,"ax",%progbits
 146              		.align	1
 147              		.global	RTC_ExitConfigMode
 148              		.syntax unified
 149              		.thumb
 150              		.thumb_func
 152              	RTC_ExitConfigMode:
 153              	.LFB31:
 116:./Libraries/STM32F10x_StdPeriph_Driver/src/stm32f10x_rtc.c **** 
 117:./Libraries/STM32F10x_StdPeriph_Driver/src/stm32f10x_rtc.c **** /**
 118:./Libraries/STM32F10x_StdPeriph_Driver/src/stm32f10x_rtc.c ****   * @brief  Exits from the RTC configuration mode.
 119:./Libraries/STM32F10x_StdPeriph_Driver/src/stm32f10x_rtc.c ****   * @param  None
 120:./Libraries/STM32F10x_StdPeriph_Driver/src/stm32f10x_rtc.c ****   * @retval None
 121:./Libraries/STM32F10x_StdPeriph_Driver/src/stm32f10x_rtc.c ****   */
 122:./Libraries/STM32F10x_StdPeriph_Driver/src/stm32f10x_rtc.c **** void RTC_ExitConfigMode(void)
 123:./Libraries/STM32F10x_StdPeriph_Driver/src/stm32f10x_rtc.c **** {
 154              		.loc 1 123 1
 155              		.cfi_startproc
 156              		@ args = 0, pretend = 0, frame = 0
 157              		@ frame_needed = 1, uses_anonymous_args = 0
 158              		@ link register save eliminated.
 159 0000 80B4     		push	{r7}
 160              	.LCFI10:
 161              		.cfi_def_cfa_offset 4
 162              		.cfi_offset 7, -4
 163 0002 00AF     		add	r7, sp, #0
 164              	.LCFI11:
ARM GAS  C:\Users\hao\AppData\Local\Temp\cc5g8mNT.s 			page 6


 165              		.cfi_def_cfa_register 7
 124:./Libraries/STM32F10x_StdPeriph_Driver/src/stm32f10x_rtc.c ****   /* Reset the CNF flag to exit from the Configuration Mode */
 125:./Libraries/STM32F10x_StdPeriph_Driver/src/stm32f10x_rtc.c ****   RTC->CRL &= (uint16_t)~((uint16_t)RTC_CRL_CNF); 
 166              		.loc 1 125 12
 167 0004 054B     		ldr	r3, .L11
 168 0006 9B88     		ldrh	r3, [r3, #4]	@ movhi
 169 0008 9BB2     		uxth	r3, r3
 170 000a 044A     		ldr	r2, .L11
 171 000c 23F01003 		bic	r3, r3, #16
 172 0010 9BB2     		uxth	r3, r3
 173 0012 9380     		strh	r3, [r2, #4]	@ movhi
 126:./Libraries/STM32F10x_StdPeriph_Driver/src/stm32f10x_rtc.c **** }
 174              		.loc 1 126 1
 175 0014 00BF     		nop
 176 0016 BD46     		mov	sp, r7
 177              	.LCFI12:
 178              		.cfi_def_cfa_register 13
 179              		@ sp needed
 180 0018 80BC     		pop	{r7}
 181              	.LCFI13:
 182              		.cfi_restore 7
 183              		.cfi_def_cfa_offset 0
 184 001a 7047     		bx	lr
 185              	.L12:
 186              		.align	2
 187              	.L11:
 188 001c 00280040 		.word	1073752064
 189              		.cfi_endproc
 190              	.LFE31:
 192              		.section	.text.RTC_GetCounter,"ax",%progbits
 193              		.align	1
 194              		.global	RTC_GetCounter
 195              		.syntax unified
 196              		.thumb
 197              		.thumb_func
 199              	RTC_GetCounter:
 200              	.LFB32:
 127:./Libraries/STM32F10x_StdPeriph_Driver/src/stm32f10x_rtc.c **** 
 128:./Libraries/STM32F10x_StdPeriph_Driver/src/stm32f10x_rtc.c **** /**
 129:./Libraries/STM32F10x_StdPeriph_Driver/src/stm32f10x_rtc.c ****   * @brief  Gets the RTC counter value.
 130:./Libraries/STM32F10x_StdPeriph_Driver/src/stm32f10x_rtc.c ****   * @param  None
 131:./Libraries/STM32F10x_StdPeriph_Driver/src/stm32f10x_rtc.c ****   * @retval RTC counter value.
 132:./Libraries/STM32F10x_StdPeriph_Driver/src/stm32f10x_rtc.c ****   */
 133:./Libraries/STM32F10x_StdPeriph_Driver/src/stm32f10x_rtc.c **** uint32_t RTC_GetCounter(void)
 134:./Libraries/STM32F10x_StdPeriph_Driver/src/stm32f10x_rtc.c **** {
 201              		.loc 1 134 1
 202              		.cfi_startproc
 203              		@ args = 0, pretend = 0, frame = 8
 204              		@ frame_needed = 1, uses_anonymous_args = 0
 205              		@ link register save eliminated.
 206 0000 80B4     		push	{r7}
 207              	.LCFI14:
 208              		.cfi_def_cfa_offset 4
 209              		.cfi_offset 7, -4
 210 0002 83B0     		sub	sp, sp, #12
 211              	.LCFI15:
 212              		.cfi_def_cfa_offset 16
ARM GAS  C:\Users\hao\AppData\Local\Temp\cc5g8mNT.s 			page 7


 213 0004 00AF     		add	r7, sp, #0
 214              	.LCFI16:
 215              		.cfi_def_cfa_register 7
 135:./Libraries/STM32F10x_StdPeriph_Driver/src/stm32f10x_rtc.c ****   uint16_t tmp = 0;
 216              		.loc 1 135 12
 217 0006 0023     		movs	r3, #0
 218 0008 FB80     		strh	r3, [r7, #6]	@ movhi
 136:./Libraries/STM32F10x_StdPeriph_Driver/src/stm32f10x_rtc.c ****   tmp = RTC->CNTL;
 219              		.loc 1 136 12
 220 000a 074B     		ldr	r3, .L15
 221              		.loc 1 136 7
 222 000c 9B8B     		ldrh	r3, [r3, #28]	@ movhi
 223 000e FB80     		strh	r3, [r7, #6]	@ movhi
 137:./Libraries/STM32F10x_StdPeriph_Driver/src/stm32f10x_rtc.c ****   return (((uint32_t)RTC->CNTH << 16 ) | tmp) ;
 224              		.loc 1 137 25
 225 0010 054B     		ldr	r3, .L15
 226 0012 1B8B     		ldrh	r3, [r3, #24]	@ movhi
 227 0014 9BB2     		uxth	r3, r3
 228              		.loc 1 137 32
 229 0016 1A04     		lsls	r2, r3, #16
 230              		.loc 1 137 40
 231 0018 FB88     		ldrh	r3, [r7, #6]
 232 001a 1343     		orrs	r3, r3, r2
 138:./Libraries/STM32F10x_StdPeriph_Driver/src/stm32f10x_rtc.c **** }
 233              		.loc 1 138 1
 234 001c 1846     		mov	r0, r3
 235 001e 0C37     		adds	r7, r7, #12
 236              	.LCFI17:
 237              		.cfi_def_cfa_offset 4
 238 0020 BD46     		mov	sp, r7
 239              	.LCFI18:
 240              		.cfi_def_cfa_register 13
 241              		@ sp needed
 242 0022 80BC     		pop	{r7}
 243              	.LCFI19:
 244              		.cfi_restore 7
 245              		.cfi_def_cfa_offset 0
 246 0024 7047     		bx	lr
 247              	.L16:
 248 0026 00BF     		.align	2
 249              	.L15:
 250 0028 00280040 		.word	1073752064
 251              		.cfi_endproc
 252              	.LFE32:
 254              		.section	.text.RTC_SetCounter,"ax",%progbits
 255              		.align	1
 256              		.global	RTC_SetCounter
 257              		.syntax unified
 258              		.thumb
 259              		.thumb_func
 261              	RTC_SetCounter:
 262              	.LFB33:
 139:./Libraries/STM32F10x_StdPeriph_Driver/src/stm32f10x_rtc.c **** 
 140:./Libraries/STM32F10x_StdPeriph_Driver/src/stm32f10x_rtc.c **** /**
 141:./Libraries/STM32F10x_StdPeriph_Driver/src/stm32f10x_rtc.c ****   * @brief  Sets the RTC counter value.
 142:./Libraries/STM32F10x_StdPeriph_Driver/src/stm32f10x_rtc.c ****   * @param  CounterValue: RTC counter new value.
 143:./Libraries/STM32F10x_StdPeriph_Driver/src/stm32f10x_rtc.c ****   * @retval None
ARM GAS  C:\Users\hao\AppData\Local\Temp\cc5g8mNT.s 			page 8


 144:./Libraries/STM32F10x_StdPeriph_Driver/src/stm32f10x_rtc.c ****   */
 145:./Libraries/STM32F10x_StdPeriph_Driver/src/stm32f10x_rtc.c **** void RTC_SetCounter(uint32_t CounterValue)
 146:./Libraries/STM32F10x_StdPeriph_Driver/src/stm32f10x_rtc.c **** { 
 263              		.loc 1 146 1
 264              		.cfi_startproc
 265              		@ args = 0, pretend = 0, frame = 8
 266              		@ frame_needed = 1, uses_anonymous_args = 0
 267 0000 80B5     		push	{r7, lr}
 268              	.LCFI20:
 269              		.cfi_def_cfa_offset 8
 270              		.cfi_offset 7, -8
 271              		.cfi_offset 14, -4
 272 0002 82B0     		sub	sp, sp, #8
 273              	.LCFI21:
 274              		.cfi_def_cfa_offset 16
 275 0004 00AF     		add	r7, sp, #0
 276              	.LCFI22:
 277              		.cfi_def_cfa_register 7
 278 0006 7860     		str	r0, [r7, #4]
 147:./Libraries/STM32F10x_StdPeriph_Driver/src/stm32f10x_rtc.c ****   RTC_EnterConfigMode();
 279              		.loc 1 147 3
 280 0008 FFF7FEFF 		bl	RTC_EnterConfigMode
 148:./Libraries/STM32F10x_StdPeriph_Driver/src/stm32f10x_rtc.c ****   /* Set RTC COUNTER MSB word */
 149:./Libraries/STM32F10x_StdPeriph_Driver/src/stm32f10x_rtc.c ****   RTC->CNTH = CounterValue >> 16;
 281              		.loc 1 149 28
 282 000c 7B68     		ldr	r3, [r7, #4]
 283 000e 1A0C     		lsrs	r2, r3, #16
 284              		.loc 1 149 6
 285 0010 064B     		ldr	r3, .L18
 286              		.loc 1 149 13
 287 0012 92B2     		uxth	r2, r2
 288 0014 1A83     		strh	r2, [r3, #24]	@ movhi
 150:./Libraries/STM32F10x_StdPeriph_Driver/src/stm32f10x_rtc.c ****   /* Set RTC COUNTER LSB word */
 151:./Libraries/STM32F10x_StdPeriph_Driver/src/stm32f10x_rtc.c ****   RTC->CNTL = (CounterValue & RTC_LSB_MASK);
 289              		.loc 1 151 6
 290 0016 054B     		ldr	r3, .L18
 291              		.loc 1 151 13
 292 0018 7A68     		ldr	r2, [r7, #4]
 293 001a 92B2     		uxth	r2, r2
 294 001c 9A83     		strh	r2, [r3, #28]	@ movhi
 152:./Libraries/STM32F10x_StdPeriph_Driver/src/stm32f10x_rtc.c ****   RTC_ExitConfigMode();
 295              		.loc 1 152 3
 296 001e FFF7FEFF 		bl	RTC_ExitConfigMode
 153:./Libraries/STM32F10x_StdPeriph_Driver/src/stm32f10x_rtc.c **** }
 297              		.loc 1 153 1
 298 0022 00BF     		nop
 299 0024 0837     		adds	r7, r7, #8
 300              	.LCFI23:
 301              		.cfi_def_cfa_offset 8
 302 0026 BD46     		mov	sp, r7
 303              	.LCFI24:
 304              		.cfi_def_cfa_register 13
 305              		@ sp needed
 306 0028 80BD     		pop	{r7, pc}
 307              	.L19:
 308 002a 00BF     		.align	2
 309              	.L18:
ARM GAS  C:\Users\hao\AppData\Local\Temp\cc5g8mNT.s 			page 9


 310 002c 00280040 		.word	1073752064
 311              		.cfi_endproc
 312              	.LFE33:
 314              		.section	.text.RTC_SetPrescaler,"ax",%progbits
 315              		.align	1
 316              		.global	RTC_SetPrescaler
 317              		.syntax unified
 318              		.thumb
 319              		.thumb_func
 321              	RTC_SetPrescaler:
 322              	.LFB34:
 154:./Libraries/STM32F10x_StdPeriph_Driver/src/stm32f10x_rtc.c **** 
 155:./Libraries/STM32F10x_StdPeriph_Driver/src/stm32f10x_rtc.c **** /**
 156:./Libraries/STM32F10x_StdPeriph_Driver/src/stm32f10x_rtc.c ****   * @brief  Sets the RTC prescaler value.
 157:./Libraries/STM32F10x_StdPeriph_Driver/src/stm32f10x_rtc.c ****   * @param  PrescalerValue: RTC prescaler new value.
 158:./Libraries/STM32F10x_StdPeriph_Driver/src/stm32f10x_rtc.c ****   * @retval None
 159:./Libraries/STM32F10x_StdPeriph_Driver/src/stm32f10x_rtc.c ****   */
 160:./Libraries/STM32F10x_StdPeriph_Driver/src/stm32f10x_rtc.c **** void RTC_SetPrescaler(uint32_t PrescalerValue)
 161:./Libraries/STM32F10x_StdPeriph_Driver/src/stm32f10x_rtc.c **** {
 323              		.loc 1 161 1
 324              		.cfi_startproc
 325              		@ args = 0, pretend = 0, frame = 8
 326              		@ frame_needed = 1, uses_anonymous_args = 0
 327 0000 80B5     		push	{r7, lr}
 328              	.LCFI25:
 329              		.cfi_def_cfa_offset 8
 330              		.cfi_offset 7, -8
 331              		.cfi_offset 14, -4
 332 0002 82B0     		sub	sp, sp, #8
 333              	.LCFI26:
 334              		.cfi_def_cfa_offset 16
 335 0004 00AF     		add	r7, sp, #0
 336              	.LCFI27:
 337              		.cfi_def_cfa_register 7
 338 0006 7860     		str	r0, [r7, #4]
 162:./Libraries/STM32F10x_StdPeriph_Driver/src/stm32f10x_rtc.c ****   /* Check the parameters */
 163:./Libraries/STM32F10x_StdPeriph_Driver/src/stm32f10x_rtc.c ****   assert_param(IS_RTC_PRESCALER(PrescalerValue));
 164:./Libraries/STM32F10x_StdPeriph_Driver/src/stm32f10x_rtc.c ****   
 165:./Libraries/STM32F10x_StdPeriph_Driver/src/stm32f10x_rtc.c ****   RTC_EnterConfigMode();
 339              		.loc 1 165 3
 340 0008 FFF7FEFF 		bl	RTC_EnterConfigMode
 166:./Libraries/STM32F10x_StdPeriph_Driver/src/stm32f10x_rtc.c ****   /* Set RTC PRESCALER MSB word */
 167:./Libraries/STM32F10x_StdPeriph_Driver/src/stm32f10x_rtc.c ****   RTC->PRLH = (PrescalerValue & PRLH_MSB_MASK) >> 16;
 341              		.loc 1 167 48
 342 000c 7B68     		ldr	r3, [r7, #4]
 343 000e 1B0C     		lsrs	r3, r3, #16
 344 0010 9BB2     		uxth	r3, r3
 345              		.loc 1 167 6
 346 0012 074A     		ldr	r2, .L21
 347              		.loc 1 167 48
 348 0014 03F00F03 		and	r3, r3, #15
 349 0018 9BB2     		uxth	r3, r3
 350              		.loc 1 167 13
 351 001a 1381     		strh	r3, [r2, #8]	@ movhi
 168:./Libraries/STM32F10x_StdPeriph_Driver/src/stm32f10x_rtc.c ****   /* Set RTC PRESCALER LSB word */
 169:./Libraries/STM32F10x_StdPeriph_Driver/src/stm32f10x_rtc.c ****   RTC->PRLL = (PrescalerValue & RTC_LSB_MASK);
 352              		.loc 1 169 6
ARM GAS  C:\Users\hao\AppData\Local\Temp\cc5g8mNT.s 			page 10


 353 001c 044B     		ldr	r3, .L21
 354              		.loc 1 169 13
 355 001e 7A68     		ldr	r2, [r7, #4]
 356 0020 92B2     		uxth	r2, r2
 357 0022 9A81     		strh	r2, [r3, #12]	@ movhi
 170:./Libraries/STM32F10x_StdPeriph_Driver/src/stm32f10x_rtc.c ****   RTC_ExitConfigMode();
 358              		.loc 1 170 3
 359 0024 FFF7FEFF 		bl	RTC_ExitConfigMode
 171:./Libraries/STM32F10x_StdPeriph_Driver/src/stm32f10x_rtc.c **** }
 360              		.loc 1 171 1
 361 0028 00BF     		nop
 362 002a 0837     		adds	r7, r7, #8
 363              	.LCFI28:
 364              		.cfi_def_cfa_offset 8
 365 002c BD46     		mov	sp, r7
 366              	.LCFI29:
 367              		.cfi_def_cfa_register 13
 368              		@ sp needed
 369 002e 80BD     		pop	{r7, pc}
 370              	.L22:
 371              		.align	2
 372              	.L21:
 373 0030 00280040 		.word	1073752064
 374              		.cfi_endproc
 375              	.LFE34:
 377              		.section	.text.RTC_SetAlarm,"ax",%progbits
 378              		.align	1
 379              		.global	RTC_SetAlarm
 380              		.syntax unified
 381              		.thumb
 382              		.thumb_func
 384              	RTC_SetAlarm:
 385              	.LFB35:
 172:./Libraries/STM32F10x_StdPeriph_Driver/src/stm32f10x_rtc.c **** 
 173:./Libraries/STM32F10x_StdPeriph_Driver/src/stm32f10x_rtc.c **** /**
 174:./Libraries/STM32F10x_StdPeriph_Driver/src/stm32f10x_rtc.c ****   * @brief  Sets the RTC alarm value.
 175:./Libraries/STM32F10x_StdPeriph_Driver/src/stm32f10x_rtc.c ****   * @param  AlarmValue: RTC alarm new value.
 176:./Libraries/STM32F10x_StdPeriph_Driver/src/stm32f10x_rtc.c ****   * @retval None
 177:./Libraries/STM32F10x_StdPeriph_Driver/src/stm32f10x_rtc.c ****   */
 178:./Libraries/STM32F10x_StdPeriph_Driver/src/stm32f10x_rtc.c **** void RTC_SetAlarm(uint32_t AlarmValue)
 179:./Libraries/STM32F10x_StdPeriph_Driver/src/stm32f10x_rtc.c **** {  
 386              		.loc 1 179 1
 387              		.cfi_startproc
 388              		@ args = 0, pretend = 0, frame = 8
 389              		@ frame_needed = 1, uses_anonymous_args = 0
 390 0000 80B5     		push	{r7, lr}
 391              	.LCFI30:
 392              		.cfi_def_cfa_offset 8
 393              		.cfi_offset 7, -8
 394              		.cfi_offset 14, -4
 395 0002 82B0     		sub	sp, sp, #8
 396              	.LCFI31:
 397              		.cfi_def_cfa_offset 16
 398 0004 00AF     		add	r7, sp, #0
 399              	.LCFI32:
 400              		.cfi_def_cfa_register 7
 401 0006 7860     		str	r0, [r7, #4]
ARM GAS  C:\Users\hao\AppData\Local\Temp\cc5g8mNT.s 			page 11


 180:./Libraries/STM32F10x_StdPeriph_Driver/src/stm32f10x_rtc.c ****   RTC_EnterConfigMode();
 402              		.loc 1 180 3
 403 0008 FFF7FEFF 		bl	RTC_EnterConfigMode
 181:./Libraries/STM32F10x_StdPeriph_Driver/src/stm32f10x_rtc.c ****   /* Set the ALARM MSB word */
 182:./Libraries/STM32F10x_StdPeriph_Driver/src/stm32f10x_rtc.c ****   RTC->ALRH = AlarmValue >> 16;
 404              		.loc 1 182 26
 405 000c 7B68     		ldr	r3, [r7, #4]
 406 000e 1A0C     		lsrs	r2, r3, #16
 407              		.loc 1 182 6
 408 0010 064B     		ldr	r3, .L24
 409              		.loc 1 182 13
 410 0012 92B2     		uxth	r2, r2
 411 0014 1A84     		strh	r2, [r3, #32]	@ movhi
 183:./Libraries/STM32F10x_StdPeriph_Driver/src/stm32f10x_rtc.c ****   /* Set the ALARM LSB word */
 184:./Libraries/STM32F10x_StdPeriph_Driver/src/stm32f10x_rtc.c ****   RTC->ALRL = (AlarmValue & RTC_LSB_MASK);
 412              		.loc 1 184 6
 413 0016 054B     		ldr	r3, .L24
 414              		.loc 1 184 13
 415 0018 7A68     		ldr	r2, [r7, #4]
 416 001a 92B2     		uxth	r2, r2
 417 001c 9A84     		strh	r2, [r3, #36]	@ movhi
 185:./Libraries/STM32F10x_StdPeriph_Driver/src/stm32f10x_rtc.c ****   RTC_ExitConfigMode();
 418              		.loc 1 185 3
 419 001e FFF7FEFF 		bl	RTC_ExitConfigMode
 186:./Libraries/STM32F10x_StdPeriph_Driver/src/stm32f10x_rtc.c **** }
 420              		.loc 1 186 1
 421 0022 00BF     		nop
 422 0024 0837     		adds	r7, r7, #8
 423              	.LCFI33:
 424              		.cfi_def_cfa_offset 8
 425 0026 BD46     		mov	sp, r7
 426              	.LCFI34:
 427              		.cfi_def_cfa_register 13
 428              		@ sp needed
 429 0028 80BD     		pop	{r7, pc}
 430              	.L25:
 431 002a 00BF     		.align	2
 432              	.L24:
 433 002c 00280040 		.word	1073752064
 434              		.cfi_endproc
 435              	.LFE35:
 437              		.section	.text.RTC_GetDivider,"ax",%progbits
 438              		.align	1
 439              		.global	RTC_GetDivider
 440              		.syntax unified
 441              		.thumb
 442              		.thumb_func
 444              	RTC_GetDivider:
 445              	.LFB36:
 187:./Libraries/STM32F10x_StdPeriph_Driver/src/stm32f10x_rtc.c **** 
 188:./Libraries/STM32F10x_StdPeriph_Driver/src/stm32f10x_rtc.c **** /**
 189:./Libraries/STM32F10x_StdPeriph_Driver/src/stm32f10x_rtc.c ****   * @brief  Gets the RTC divider value.
 190:./Libraries/STM32F10x_StdPeriph_Driver/src/stm32f10x_rtc.c ****   * @param  None
 191:./Libraries/STM32F10x_StdPeriph_Driver/src/stm32f10x_rtc.c ****   * @retval RTC Divider value.
 192:./Libraries/STM32F10x_StdPeriph_Driver/src/stm32f10x_rtc.c ****   */
 193:./Libraries/STM32F10x_StdPeriph_Driver/src/stm32f10x_rtc.c **** uint32_t RTC_GetDivider(void)
 194:./Libraries/STM32F10x_StdPeriph_Driver/src/stm32f10x_rtc.c **** {
ARM GAS  C:\Users\hao\AppData\Local\Temp\cc5g8mNT.s 			page 12


 446              		.loc 1 194 1
 447              		.cfi_startproc
 448              		@ args = 0, pretend = 0, frame = 8
 449              		@ frame_needed = 1, uses_anonymous_args = 0
 450              		@ link register save eliminated.
 451 0000 80B4     		push	{r7}
 452              	.LCFI35:
 453              		.cfi_def_cfa_offset 4
 454              		.cfi_offset 7, -4
 455 0002 83B0     		sub	sp, sp, #12
 456              	.LCFI36:
 457              		.cfi_def_cfa_offset 16
 458 0004 00AF     		add	r7, sp, #0
 459              	.LCFI37:
 460              		.cfi_def_cfa_register 7
 195:./Libraries/STM32F10x_StdPeriph_Driver/src/stm32f10x_rtc.c ****   uint32_t tmp = 0x00;
 461              		.loc 1 195 12
 462 0006 0023     		movs	r3, #0
 463 0008 7B60     		str	r3, [r7, #4]
 196:./Libraries/STM32F10x_StdPeriph_Driver/src/stm32f10x_rtc.c ****   tmp = ((uint32_t)RTC->DIVH & (uint32_t)0x000F) << 16;
 464              		.loc 1 196 23
 465 000a 0A4B     		ldr	r3, .L28
 466 000c 1B8A     		ldrh	r3, [r3, #16]	@ movhi
 467 000e 9BB2     		uxth	r3, r3
 468              		.loc 1 196 50
 469 0010 1B04     		lsls	r3, r3, #16
 470              		.loc 1 196 7
 471 0012 03F47023 		and	r3, r3, #983040
 472 0016 7B60     		str	r3, [r7, #4]
 197:./Libraries/STM32F10x_StdPeriph_Driver/src/stm32f10x_rtc.c ****   tmp |= RTC->DIVL;
 473              		.loc 1 197 13
 474 0018 064B     		ldr	r3, .L28
 475 001a 9B8A     		ldrh	r3, [r3, #20]	@ movhi
 476 001c 9BB2     		uxth	r3, r3
 477 001e 1A46     		mov	r2, r3
 478              		.loc 1 197 7
 479 0020 7B68     		ldr	r3, [r7, #4]
 480 0022 1343     		orrs	r3, r3, r2
 481 0024 7B60     		str	r3, [r7, #4]
 198:./Libraries/STM32F10x_StdPeriph_Driver/src/stm32f10x_rtc.c ****   return tmp;
 482              		.loc 1 198 10
 483 0026 7B68     		ldr	r3, [r7, #4]
 199:./Libraries/STM32F10x_StdPeriph_Driver/src/stm32f10x_rtc.c **** }
 484              		.loc 1 199 1
 485 0028 1846     		mov	r0, r3
 486 002a 0C37     		adds	r7, r7, #12
 487              	.LCFI38:
 488              		.cfi_def_cfa_offset 4
 489 002c BD46     		mov	sp, r7
 490              	.LCFI39:
 491              		.cfi_def_cfa_register 13
 492              		@ sp needed
 493 002e 80BC     		pop	{r7}
 494              	.LCFI40:
 495              		.cfi_restore 7
 496              		.cfi_def_cfa_offset 0
 497 0030 7047     		bx	lr
ARM GAS  C:\Users\hao\AppData\Local\Temp\cc5g8mNT.s 			page 13


 498              	.L29:
 499 0032 00BF     		.align	2
 500              	.L28:
 501 0034 00280040 		.word	1073752064
 502              		.cfi_endproc
 503              	.LFE36:
 505              		.section	.text.RTC_WaitForLastTask,"ax",%progbits
 506              		.align	1
 507              		.global	RTC_WaitForLastTask
 508              		.syntax unified
 509              		.thumb
 510              		.thumb_func
 512              	RTC_WaitForLastTask:
 513              	.LFB37:
 200:./Libraries/STM32F10x_StdPeriph_Driver/src/stm32f10x_rtc.c **** 
 201:./Libraries/STM32F10x_StdPeriph_Driver/src/stm32f10x_rtc.c **** /**
 202:./Libraries/STM32F10x_StdPeriph_Driver/src/stm32f10x_rtc.c ****   * @brief  Waits until last write operation on RTC registers has finished.
 203:./Libraries/STM32F10x_StdPeriph_Driver/src/stm32f10x_rtc.c ****   * @note   This function must be called before any write to RTC registers.
 204:./Libraries/STM32F10x_StdPeriph_Driver/src/stm32f10x_rtc.c ****   * @param  None
 205:./Libraries/STM32F10x_StdPeriph_Driver/src/stm32f10x_rtc.c ****   * @retval None
 206:./Libraries/STM32F10x_StdPeriph_Driver/src/stm32f10x_rtc.c ****   */
 207:./Libraries/STM32F10x_StdPeriph_Driver/src/stm32f10x_rtc.c **** void RTC_WaitForLastTask(void)
 208:./Libraries/STM32F10x_StdPeriph_Driver/src/stm32f10x_rtc.c **** {
 514              		.loc 1 208 1
 515              		.cfi_startproc
 516              		@ args = 0, pretend = 0, frame = 0
 517              		@ frame_needed = 1, uses_anonymous_args = 0
 518              		@ link register save eliminated.
 519 0000 80B4     		push	{r7}
 520              	.LCFI41:
 521              		.cfi_def_cfa_offset 4
 522              		.cfi_offset 7, -4
 523 0002 00AF     		add	r7, sp, #0
 524              	.LCFI42:
 525              		.cfi_def_cfa_register 7
 209:./Libraries/STM32F10x_StdPeriph_Driver/src/stm32f10x_rtc.c ****   /* Loop until RTOFF flag is set */
 210:./Libraries/STM32F10x_StdPeriph_Driver/src/stm32f10x_rtc.c ****   while ((RTC->CRL & RTC_FLAG_RTOFF) == (uint16_t)RESET)
 526              		.loc 1 210 9
 527 0004 00BF     		nop
 528              	.L31:
 529              		.loc 1 210 14 discriminator 1
 530 0006 064B     		ldr	r3, .L32
 531 0008 9B88     		ldrh	r3, [r3, #4]	@ movhi
 532 000a 9BB2     		uxth	r3, r3
 533              		.loc 1 210 20 discriminator 1
 534 000c 03F02003 		and	r3, r3, #32
 535              		.loc 1 210 9 discriminator 1
 536 0010 002B     		cmp	r3, #0
 537 0012 F8D0     		beq	.L31
 211:./Libraries/STM32F10x_StdPeriph_Driver/src/stm32f10x_rtc.c ****   {
 212:./Libraries/STM32F10x_StdPeriph_Driver/src/stm32f10x_rtc.c ****   }
 213:./Libraries/STM32F10x_StdPeriph_Driver/src/stm32f10x_rtc.c **** }
 538              		.loc 1 213 1
 539 0014 00BF     		nop
 540 0016 00BF     		nop
 541 0018 BD46     		mov	sp, r7
 542              	.LCFI43:
ARM GAS  C:\Users\hao\AppData\Local\Temp\cc5g8mNT.s 			page 14


 543              		.cfi_def_cfa_register 13
 544              		@ sp needed
 545 001a 80BC     		pop	{r7}
 546              	.LCFI44:
 547              		.cfi_restore 7
 548              		.cfi_def_cfa_offset 0
 549 001c 7047     		bx	lr
 550              	.L33:
 551 001e 00BF     		.align	2
 552              	.L32:
 553 0020 00280040 		.word	1073752064
 554              		.cfi_endproc
 555              	.LFE37:
 557              		.section	.text.RTC_WaitForSynchro,"ax",%progbits
 558              		.align	1
 559              		.global	RTC_WaitForSynchro
 560              		.syntax unified
 561              		.thumb
 562              		.thumb_func
 564              	RTC_WaitForSynchro:
 565              	.LFB38:
 214:./Libraries/STM32F10x_StdPeriph_Driver/src/stm32f10x_rtc.c **** 
 215:./Libraries/STM32F10x_StdPeriph_Driver/src/stm32f10x_rtc.c **** /**
 216:./Libraries/STM32F10x_StdPeriph_Driver/src/stm32f10x_rtc.c ****   * @brief  Waits until the RTC registers (RTC_CNT, RTC_ALR and RTC_PRL)
 217:./Libraries/STM32F10x_StdPeriph_Driver/src/stm32f10x_rtc.c ****   *   are synchronized with RTC APB clock.
 218:./Libraries/STM32F10x_StdPeriph_Driver/src/stm32f10x_rtc.c ****   * @note   This function must be called before any read operation after an APB reset
 219:./Libraries/STM32F10x_StdPeriph_Driver/src/stm32f10x_rtc.c ****   *   or an APB clock stop.
 220:./Libraries/STM32F10x_StdPeriph_Driver/src/stm32f10x_rtc.c ****   * @param  None
 221:./Libraries/STM32F10x_StdPeriph_Driver/src/stm32f10x_rtc.c ****   * @retval None
 222:./Libraries/STM32F10x_StdPeriph_Driver/src/stm32f10x_rtc.c ****   */
 223:./Libraries/STM32F10x_StdPeriph_Driver/src/stm32f10x_rtc.c **** void RTC_WaitForSynchro(void)
 224:./Libraries/STM32F10x_StdPeriph_Driver/src/stm32f10x_rtc.c **** {
 566              		.loc 1 224 1
 567              		.cfi_startproc
 568              		@ args = 0, pretend = 0, frame = 0
 569              		@ frame_needed = 1, uses_anonymous_args = 0
 570              		@ link register save eliminated.
 571 0000 80B4     		push	{r7}
 572              	.LCFI45:
 573              		.cfi_def_cfa_offset 4
 574              		.cfi_offset 7, -4
 575 0002 00AF     		add	r7, sp, #0
 576              	.LCFI46:
 577              		.cfi_def_cfa_register 7
 225:./Libraries/STM32F10x_StdPeriph_Driver/src/stm32f10x_rtc.c ****   /* Clear RSF flag */
 226:./Libraries/STM32F10x_StdPeriph_Driver/src/stm32f10x_rtc.c ****   RTC->CRL &= (uint16_t)~RTC_FLAG_RSF;
 578              		.loc 1 226 12
 579 0004 0A4B     		ldr	r3, .L36
 580 0006 9B88     		ldrh	r3, [r3, #4]	@ movhi
 581 0008 9BB2     		uxth	r3, r3
 582 000a 094A     		ldr	r2, .L36
 583 000c 23F00803 		bic	r3, r3, #8
 584 0010 9BB2     		uxth	r3, r3
 585 0012 9380     		strh	r3, [r2, #4]	@ movhi
 227:./Libraries/STM32F10x_StdPeriph_Driver/src/stm32f10x_rtc.c ****   /* Loop until RSF flag is set */
 228:./Libraries/STM32F10x_StdPeriph_Driver/src/stm32f10x_rtc.c ****   while ((RTC->CRL & RTC_FLAG_RSF) == (uint16_t)RESET)
 586              		.loc 1 228 9
ARM GAS  C:\Users\hao\AppData\Local\Temp\cc5g8mNT.s 			page 15


 587 0014 00BF     		nop
 588              	.L35:
 589              		.loc 1 228 14 discriminator 1
 590 0016 064B     		ldr	r3, .L36
 591 0018 9B88     		ldrh	r3, [r3, #4]	@ movhi
 592 001a 9BB2     		uxth	r3, r3
 593              		.loc 1 228 20 discriminator 1
 594 001c 03F00803 		and	r3, r3, #8
 595              		.loc 1 228 9 discriminator 1
 596 0020 002B     		cmp	r3, #0
 597 0022 F8D0     		beq	.L35
 229:./Libraries/STM32F10x_StdPeriph_Driver/src/stm32f10x_rtc.c ****   {
 230:./Libraries/STM32F10x_StdPeriph_Driver/src/stm32f10x_rtc.c ****   }
 231:./Libraries/STM32F10x_StdPeriph_Driver/src/stm32f10x_rtc.c **** }
 598              		.loc 1 231 1
 599 0024 00BF     		nop
 600 0026 00BF     		nop
 601 0028 BD46     		mov	sp, r7
 602              	.LCFI47:
 603              		.cfi_def_cfa_register 13
 604              		@ sp needed
 605 002a 80BC     		pop	{r7}
 606              	.LCFI48:
 607              		.cfi_restore 7
 608              		.cfi_def_cfa_offset 0
 609 002c 7047     		bx	lr
 610              	.L37:
 611 002e 00BF     		.align	2
 612              	.L36:
 613 0030 00280040 		.word	1073752064
 614              		.cfi_endproc
 615              	.LFE38:
 617              		.section	.text.RTC_GetFlagStatus,"ax",%progbits
 618              		.align	1
 619              		.global	RTC_GetFlagStatus
 620              		.syntax unified
 621              		.thumb
 622              		.thumb_func
 624              	RTC_GetFlagStatus:
 625              	.LFB39:
 232:./Libraries/STM32F10x_StdPeriph_Driver/src/stm32f10x_rtc.c **** 
 233:./Libraries/STM32F10x_StdPeriph_Driver/src/stm32f10x_rtc.c **** /**
 234:./Libraries/STM32F10x_StdPeriph_Driver/src/stm32f10x_rtc.c ****   * @brief  Checks whether the specified RTC flag is set or not.
 235:./Libraries/STM32F10x_StdPeriph_Driver/src/stm32f10x_rtc.c ****   * @param  RTC_FLAG: specifies the flag to check.
 236:./Libraries/STM32F10x_StdPeriph_Driver/src/stm32f10x_rtc.c ****   *   This parameter can be one the following values:
 237:./Libraries/STM32F10x_StdPeriph_Driver/src/stm32f10x_rtc.c ****   *     @arg RTC_FLAG_RTOFF: RTC Operation OFF flag
 238:./Libraries/STM32F10x_StdPeriph_Driver/src/stm32f10x_rtc.c ****   *     @arg RTC_FLAG_RSF: Registers Synchronized flag
 239:./Libraries/STM32F10x_StdPeriph_Driver/src/stm32f10x_rtc.c ****   *     @arg RTC_FLAG_OW: Overflow flag
 240:./Libraries/STM32F10x_StdPeriph_Driver/src/stm32f10x_rtc.c ****   *     @arg RTC_FLAG_ALR: Alarm flag
 241:./Libraries/STM32F10x_StdPeriph_Driver/src/stm32f10x_rtc.c ****   *     @arg RTC_FLAG_SEC: Second flag
 242:./Libraries/STM32F10x_StdPeriph_Driver/src/stm32f10x_rtc.c ****   * @retval The new state of RTC_FLAG (SET or RESET).
 243:./Libraries/STM32F10x_StdPeriph_Driver/src/stm32f10x_rtc.c ****   */
 244:./Libraries/STM32F10x_StdPeriph_Driver/src/stm32f10x_rtc.c **** FlagStatus RTC_GetFlagStatus(uint16_t RTC_FLAG)
 245:./Libraries/STM32F10x_StdPeriph_Driver/src/stm32f10x_rtc.c **** {
 626              		.loc 1 245 1
 627              		.cfi_startproc
 628              		@ args = 0, pretend = 0, frame = 16
ARM GAS  C:\Users\hao\AppData\Local\Temp\cc5g8mNT.s 			page 16


 629              		@ frame_needed = 1, uses_anonymous_args = 0
 630              		@ link register save eliminated.
 631 0000 80B4     		push	{r7}
 632              	.LCFI49:
 633              		.cfi_def_cfa_offset 4
 634              		.cfi_offset 7, -4
 635 0002 85B0     		sub	sp, sp, #20
 636              	.LCFI50:
 637              		.cfi_def_cfa_offset 24
 638 0004 00AF     		add	r7, sp, #0
 639              	.LCFI51:
 640              		.cfi_def_cfa_register 7
 641 0006 0346     		mov	r3, r0
 642 0008 FB80     		strh	r3, [r7, #6]	@ movhi
 246:./Libraries/STM32F10x_StdPeriph_Driver/src/stm32f10x_rtc.c ****   FlagStatus bitstatus = RESET;
 643              		.loc 1 246 14
 644 000a 0023     		movs	r3, #0
 645 000c FB73     		strb	r3, [r7, #15]
 247:./Libraries/STM32F10x_StdPeriph_Driver/src/stm32f10x_rtc.c ****   
 248:./Libraries/STM32F10x_StdPeriph_Driver/src/stm32f10x_rtc.c ****   /* Check the parameters */
 249:./Libraries/STM32F10x_StdPeriph_Driver/src/stm32f10x_rtc.c ****   assert_param(IS_RTC_GET_FLAG(RTC_FLAG)); 
 250:./Libraries/STM32F10x_StdPeriph_Driver/src/stm32f10x_rtc.c ****   
 251:./Libraries/STM32F10x_StdPeriph_Driver/src/stm32f10x_rtc.c ****   if ((RTC->CRL & RTC_FLAG) != (uint16_t)RESET)
 646              		.loc 1 251 11
 647 000e 094B     		ldr	r3, .L42
 648 0010 9B88     		ldrh	r3, [r3, #4]	@ movhi
 649 0012 9AB2     		uxth	r2, r3
 650              		.loc 1 251 29
 651 0014 FB88     		ldrh	r3, [r7, #6]	@ movhi
 652 0016 1340     		ands	r3, r3, r2
 653 0018 9BB2     		uxth	r3, r3
 654              		.loc 1 251 6
 655 001a 002B     		cmp	r3, #0
 656 001c 02D0     		beq	.L39
 252:./Libraries/STM32F10x_StdPeriph_Driver/src/stm32f10x_rtc.c ****   {
 253:./Libraries/STM32F10x_StdPeriph_Driver/src/stm32f10x_rtc.c ****     bitstatus = SET;
 657              		.loc 1 253 15
 658 001e 0123     		movs	r3, #1
 659 0020 FB73     		strb	r3, [r7, #15]
 660 0022 01E0     		b	.L40
 661              	.L39:
 254:./Libraries/STM32F10x_StdPeriph_Driver/src/stm32f10x_rtc.c ****   }
 255:./Libraries/STM32F10x_StdPeriph_Driver/src/stm32f10x_rtc.c ****   else
 256:./Libraries/STM32F10x_StdPeriph_Driver/src/stm32f10x_rtc.c ****   {
 257:./Libraries/STM32F10x_StdPeriph_Driver/src/stm32f10x_rtc.c ****     bitstatus = RESET;
 662              		.loc 1 257 15
 663 0024 0023     		movs	r3, #0
 664 0026 FB73     		strb	r3, [r7, #15]
 665              	.L40:
 258:./Libraries/STM32F10x_StdPeriph_Driver/src/stm32f10x_rtc.c ****   }
 259:./Libraries/STM32F10x_StdPeriph_Driver/src/stm32f10x_rtc.c ****   return bitstatus;
 666              		.loc 1 259 10
 667 0028 FB7B     		ldrb	r3, [r7, #15]	@ zero_extendqisi2
 260:./Libraries/STM32F10x_StdPeriph_Driver/src/stm32f10x_rtc.c **** }
 668              		.loc 1 260 1
 669 002a 1846     		mov	r0, r3
 670 002c 1437     		adds	r7, r7, #20
ARM GAS  C:\Users\hao\AppData\Local\Temp\cc5g8mNT.s 			page 17


 671              	.LCFI52:
 672              		.cfi_def_cfa_offset 4
 673 002e BD46     		mov	sp, r7
 674              	.LCFI53:
 675              		.cfi_def_cfa_register 13
 676              		@ sp needed
 677 0030 80BC     		pop	{r7}
 678              	.LCFI54:
 679              		.cfi_restore 7
 680              		.cfi_def_cfa_offset 0
 681 0032 7047     		bx	lr
 682              	.L43:
 683              		.align	2
 684              	.L42:
 685 0034 00280040 		.word	1073752064
 686              		.cfi_endproc
 687              	.LFE39:
 689              		.section	.text.RTC_ClearFlag,"ax",%progbits
 690              		.align	1
 691              		.global	RTC_ClearFlag
 692              		.syntax unified
 693              		.thumb
 694              		.thumb_func
 696              	RTC_ClearFlag:
 697              	.LFB40:
 261:./Libraries/STM32F10x_StdPeriph_Driver/src/stm32f10x_rtc.c **** 
 262:./Libraries/STM32F10x_StdPeriph_Driver/src/stm32f10x_rtc.c **** /**
 263:./Libraries/STM32F10x_StdPeriph_Driver/src/stm32f10x_rtc.c ****   * @brief  Clears the RTC's pending flags.
 264:./Libraries/STM32F10x_StdPeriph_Driver/src/stm32f10x_rtc.c ****   * @param  RTC_FLAG: specifies the flag to clear.
 265:./Libraries/STM32F10x_StdPeriph_Driver/src/stm32f10x_rtc.c ****   *   This parameter can be any combination of the following values:
 266:./Libraries/STM32F10x_StdPeriph_Driver/src/stm32f10x_rtc.c ****   *     @arg RTC_FLAG_RSF: Registers Synchronized flag. This flag is cleared only after
 267:./Libraries/STM32F10x_StdPeriph_Driver/src/stm32f10x_rtc.c ****   *                        an APB reset or an APB Clock stop.
 268:./Libraries/STM32F10x_StdPeriph_Driver/src/stm32f10x_rtc.c ****   *     @arg RTC_FLAG_OW: Overflow flag
 269:./Libraries/STM32F10x_StdPeriph_Driver/src/stm32f10x_rtc.c ****   *     @arg RTC_FLAG_ALR: Alarm flag
 270:./Libraries/STM32F10x_StdPeriph_Driver/src/stm32f10x_rtc.c ****   *     @arg RTC_FLAG_SEC: Second flag
 271:./Libraries/STM32F10x_StdPeriph_Driver/src/stm32f10x_rtc.c ****   * @retval None
 272:./Libraries/STM32F10x_StdPeriph_Driver/src/stm32f10x_rtc.c ****   */
 273:./Libraries/STM32F10x_StdPeriph_Driver/src/stm32f10x_rtc.c **** void RTC_ClearFlag(uint16_t RTC_FLAG)
 274:./Libraries/STM32F10x_StdPeriph_Driver/src/stm32f10x_rtc.c **** {
 698              		.loc 1 274 1
 699              		.cfi_startproc
 700              		@ args = 0, pretend = 0, frame = 8
 701              		@ frame_needed = 1, uses_anonymous_args = 0
 702              		@ link register save eliminated.
 703 0000 80B4     		push	{r7}
 704              	.LCFI55:
 705              		.cfi_def_cfa_offset 4
 706              		.cfi_offset 7, -4
 707 0002 83B0     		sub	sp, sp, #12
 708              	.LCFI56:
 709              		.cfi_def_cfa_offset 16
 710 0004 00AF     		add	r7, sp, #0
 711              	.LCFI57:
 712              		.cfi_def_cfa_register 7
 713 0006 0346     		mov	r3, r0
 714 0008 FB80     		strh	r3, [r7, #6]	@ movhi
 275:./Libraries/STM32F10x_StdPeriph_Driver/src/stm32f10x_rtc.c ****   /* Check the parameters */
ARM GAS  C:\Users\hao\AppData\Local\Temp\cc5g8mNT.s 			page 18


 276:./Libraries/STM32F10x_StdPeriph_Driver/src/stm32f10x_rtc.c ****   assert_param(IS_RTC_CLEAR_FLAG(RTC_FLAG)); 
 277:./Libraries/STM32F10x_StdPeriph_Driver/src/stm32f10x_rtc.c ****     
 278:./Libraries/STM32F10x_StdPeriph_Driver/src/stm32f10x_rtc.c ****   /* Clear the corresponding RTC flag */
 279:./Libraries/STM32F10x_StdPeriph_Driver/src/stm32f10x_rtc.c ****   RTC->CRL &= (uint16_t)~RTC_FLAG;
 715              		.loc 1 279 12
 716 000a 074B     		ldr	r3, .L45
 717 000c 9B88     		ldrh	r3, [r3, #4]	@ movhi
 718 000e 9AB2     		uxth	r2, r3
 719              		.loc 1 279 15
 720 0010 FB88     		ldrh	r3, [r7, #6]	@ movhi
 721 0012 DB43     		mvns	r3, r3
 722 0014 9BB2     		uxth	r3, r3
 723              		.loc 1 279 12
 724 0016 0449     		ldr	r1, .L45
 725 0018 1340     		ands	r3, r3, r2
 726 001a 9BB2     		uxth	r3, r3
 727 001c 8B80     		strh	r3, [r1, #4]	@ movhi
 280:./Libraries/STM32F10x_StdPeriph_Driver/src/stm32f10x_rtc.c **** }
 728              		.loc 1 280 1
 729 001e 00BF     		nop
 730 0020 0C37     		adds	r7, r7, #12
 731              	.LCFI58:
 732              		.cfi_def_cfa_offset 4
 733 0022 BD46     		mov	sp, r7
 734              	.LCFI59:
 735              		.cfi_def_cfa_register 13
 736              		@ sp needed
 737 0024 80BC     		pop	{r7}
 738              	.LCFI60:
 739              		.cfi_restore 7
 740              		.cfi_def_cfa_offset 0
 741 0026 7047     		bx	lr
 742              	.L46:
 743              		.align	2
 744              	.L45:
 745 0028 00280040 		.word	1073752064
 746              		.cfi_endproc
 747              	.LFE40:
 749              		.section	.text.RTC_GetITStatus,"ax",%progbits
 750              		.align	1
 751              		.global	RTC_GetITStatus
 752              		.syntax unified
 753              		.thumb
 754              		.thumb_func
 756              	RTC_GetITStatus:
 757              	.LFB41:
 281:./Libraries/STM32F10x_StdPeriph_Driver/src/stm32f10x_rtc.c **** 
 282:./Libraries/STM32F10x_StdPeriph_Driver/src/stm32f10x_rtc.c **** /**
 283:./Libraries/STM32F10x_StdPeriph_Driver/src/stm32f10x_rtc.c ****   * @brief  Checks whether the specified RTC interrupt has occurred or not.
 284:./Libraries/STM32F10x_StdPeriph_Driver/src/stm32f10x_rtc.c ****   * @param  RTC_IT: specifies the RTC interrupts sources to check.
 285:./Libraries/STM32F10x_StdPeriph_Driver/src/stm32f10x_rtc.c ****   *   This parameter can be one of the following values:
 286:./Libraries/STM32F10x_StdPeriph_Driver/src/stm32f10x_rtc.c ****   *     @arg RTC_IT_OW: Overflow interrupt
 287:./Libraries/STM32F10x_StdPeriph_Driver/src/stm32f10x_rtc.c ****   *     @arg RTC_IT_ALR: Alarm interrupt
 288:./Libraries/STM32F10x_StdPeriph_Driver/src/stm32f10x_rtc.c ****   *     @arg RTC_IT_SEC: Second interrupt
 289:./Libraries/STM32F10x_StdPeriph_Driver/src/stm32f10x_rtc.c ****   * @retval The new state of the RTC_IT (SET or RESET).
 290:./Libraries/STM32F10x_StdPeriph_Driver/src/stm32f10x_rtc.c ****   */
 291:./Libraries/STM32F10x_StdPeriph_Driver/src/stm32f10x_rtc.c **** ITStatus RTC_GetITStatus(uint16_t RTC_IT)
ARM GAS  C:\Users\hao\AppData\Local\Temp\cc5g8mNT.s 			page 19


 292:./Libraries/STM32F10x_StdPeriph_Driver/src/stm32f10x_rtc.c **** {
 758              		.loc 1 292 1
 759              		.cfi_startproc
 760              		@ args = 0, pretend = 0, frame = 16
 761              		@ frame_needed = 1, uses_anonymous_args = 0
 762              		@ link register save eliminated.
 763 0000 80B4     		push	{r7}
 764              	.LCFI61:
 765              		.cfi_def_cfa_offset 4
 766              		.cfi_offset 7, -4
 767 0002 85B0     		sub	sp, sp, #20
 768              	.LCFI62:
 769              		.cfi_def_cfa_offset 24
 770 0004 00AF     		add	r7, sp, #0
 771              	.LCFI63:
 772              		.cfi_def_cfa_register 7
 773 0006 0346     		mov	r3, r0
 774 0008 FB80     		strh	r3, [r7, #6]	@ movhi
 293:./Libraries/STM32F10x_StdPeriph_Driver/src/stm32f10x_rtc.c ****   ITStatus bitstatus = RESET;
 775              		.loc 1 293 12
 776 000a 0023     		movs	r3, #0
 777 000c FB73     		strb	r3, [r7, #15]
 294:./Libraries/STM32F10x_StdPeriph_Driver/src/stm32f10x_rtc.c ****   /* Check the parameters */
 295:./Libraries/STM32F10x_StdPeriph_Driver/src/stm32f10x_rtc.c ****   assert_param(IS_RTC_GET_IT(RTC_IT)); 
 296:./Libraries/STM32F10x_StdPeriph_Driver/src/stm32f10x_rtc.c ****   
 297:./Libraries/STM32F10x_StdPeriph_Driver/src/stm32f10x_rtc.c ****   bitstatus = (ITStatus)(RTC->CRL & RTC_IT);
 778              		.loc 1 297 29
 779 000e 0F4B     		ldr	r3, .L51
 780 0010 9B88     		ldrh	r3, [r3, #4]	@ movhi
 781 0012 9BB2     		uxth	r3, r3
 782              		.loc 1 297 15
 783 0014 DAB2     		uxtb	r2, r3
 784 0016 FB88     		ldrh	r3, [r7, #6]	@ movhi
 785 0018 DBB2     		uxtb	r3, r3
 786              		.loc 1 297 13
 787 001a 1340     		ands	r3, r3, r2
 788 001c FB73     		strb	r3, [r7, #15]
 298:./Libraries/STM32F10x_StdPeriph_Driver/src/stm32f10x_rtc.c ****   if (((RTC->CRH & RTC_IT) != (uint16_t)RESET) && (bitstatus != (uint16_t)RESET))
 789              		.loc 1 298 12
 790 001e 0B4B     		ldr	r3, .L51
 791 0020 1B88     		ldrh	r3, [r3]	@ movhi
 792 0022 9AB2     		uxth	r2, r3
 793              		.loc 1 298 28
 794 0024 FB88     		ldrh	r3, [r7, #6]	@ movhi
 795 0026 1340     		ands	r3, r3, r2
 796 0028 9BB2     		uxth	r3, r3
 797              		.loc 1 298 6
 798 002a 002B     		cmp	r3, #0
 799 002c 05D0     		beq	.L48
 800              		.loc 1 298 48 discriminator 1
 801 002e FB7B     		ldrb	r3, [r7, #15]	@ zero_extendqisi2
 802 0030 002B     		cmp	r3, #0
 803 0032 02D0     		beq	.L48
 299:./Libraries/STM32F10x_StdPeriph_Driver/src/stm32f10x_rtc.c ****   {
 300:./Libraries/STM32F10x_StdPeriph_Driver/src/stm32f10x_rtc.c ****     bitstatus = SET;
 804              		.loc 1 300 15
 805 0034 0123     		movs	r3, #1
ARM GAS  C:\Users\hao\AppData\Local\Temp\cc5g8mNT.s 			page 20


 806 0036 FB73     		strb	r3, [r7, #15]
 807 0038 01E0     		b	.L49
 808              	.L48:
 301:./Libraries/STM32F10x_StdPeriph_Driver/src/stm32f10x_rtc.c ****   }
 302:./Libraries/STM32F10x_StdPeriph_Driver/src/stm32f10x_rtc.c ****   else
 303:./Libraries/STM32F10x_StdPeriph_Driver/src/stm32f10x_rtc.c ****   {
 304:./Libraries/STM32F10x_StdPeriph_Driver/src/stm32f10x_rtc.c ****     bitstatus = RESET;
 809              		.loc 1 304 15
 810 003a 0023     		movs	r3, #0
 811 003c FB73     		strb	r3, [r7, #15]
 812              	.L49:
 305:./Libraries/STM32F10x_StdPeriph_Driver/src/stm32f10x_rtc.c ****   }
 306:./Libraries/STM32F10x_StdPeriph_Driver/src/stm32f10x_rtc.c ****   return bitstatus;
 813              		.loc 1 306 10
 814 003e FB7B     		ldrb	r3, [r7, #15]	@ zero_extendqisi2
 307:./Libraries/STM32F10x_StdPeriph_Driver/src/stm32f10x_rtc.c **** }
 815              		.loc 1 307 1
 816 0040 1846     		mov	r0, r3
 817 0042 1437     		adds	r7, r7, #20
 818              	.LCFI64:
 819              		.cfi_def_cfa_offset 4
 820 0044 BD46     		mov	sp, r7
 821              	.LCFI65:
 822              		.cfi_def_cfa_register 13
 823              		@ sp needed
 824 0046 80BC     		pop	{r7}
 825              	.LCFI66:
 826              		.cfi_restore 7
 827              		.cfi_def_cfa_offset 0
 828 0048 7047     		bx	lr
 829              	.L52:
 830 004a 00BF     		.align	2
 831              	.L51:
 832 004c 00280040 		.word	1073752064
 833              		.cfi_endproc
 834              	.LFE41:
 836              		.section	.text.RTC_ClearITPendingBit,"ax",%progbits
 837              		.align	1
 838              		.global	RTC_ClearITPendingBit
 839              		.syntax unified
 840              		.thumb
 841              		.thumb_func
 843              	RTC_ClearITPendingBit:
 844              	.LFB42:
 308:./Libraries/STM32F10x_StdPeriph_Driver/src/stm32f10x_rtc.c **** 
 309:./Libraries/STM32F10x_StdPeriph_Driver/src/stm32f10x_rtc.c **** /**
 310:./Libraries/STM32F10x_StdPeriph_Driver/src/stm32f10x_rtc.c ****   * @brief  Clears the RTC's interrupt pending bits.
 311:./Libraries/STM32F10x_StdPeriph_Driver/src/stm32f10x_rtc.c ****   * @param  RTC_IT: specifies the interrupt pending bit to clear.
 312:./Libraries/STM32F10x_StdPeriph_Driver/src/stm32f10x_rtc.c ****   *   This parameter can be any combination of the following values:
 313:./Libraries/STM32F10x_StdPeriph_Driver/src/stm32f10x_rtc.c ****   *     @arg RTC_IT_OW: Overflow interrupt
 314:./Libraries/STM32F10x_StdPeriph_Driver/src/stm32f10x_rtc.c ****   *     @arg RTC_IT_ALR: Alarm interrupt
 315:./Libraries/STM32F10x_StdPeriph_Driver/src/stm32f10x_rtc.c ****   *     @arg RTC_IT_SEC: Second interrupt
 316:./Libraries/STM32F10x_StdPeriph_Driver/src/stm32f10x_rtc.c ****   * @retval None
 317:./Libraries/STM32F10x_StdPeriph_Driver/src/stm32f10x_rtc.c ****   */
 318:./Libraries/STM32F10x_StdPeriph_Driver/src/stm32f10x_rtc.c **** void RTC_ClearITPendingBit(uint16_t RTC_IT)
 319:./Libraries/STM32F10x_StdPeriph_Driver/src/stm32f10x_rtc.c **** {
 845              		.loc 1 319 1
ARM GAS  C:\Users\hao\AppData\Local\Temp\cc5g8mNT.s 			page 21


 846              		.cfi_startproc
 847              		@ args = 0, pretend = 0, frame = 8
 848              		@ frame_needed = 1, uses_anonymous_args = 0
 849              		@ link register save eliminated.
 850 0000 80B4     		push	{r7}
 851              	.LCFI67:
 852              		.cfi_def_cfa_offset 4
 853              		.cfi_offset 7, -4
 854 0002 83B0     		sub	sp, sp, #12
 855              	.LCFI68:
 856              		.cfi_def_cfa_offset 16
 857 0004 00AF     		add	r7, sp, #0
 858              	.LCFI69:
 859              		.cfi_def_cfa_register 7
 860 0006 0346     		mov	r3, r0
 861 0008 FB80     		strh	r3, [r7, #6]	@ movhi
 320:./Libraries/STM32F10x_StdPeriph_Driver/src/stm32f10x_rtc.c ****   /* Check the parameters */
 321:./Libraries/STM32F10x_StdPeriph_Driver/src/stm32f10x_rtc.c ****   assert_param(IS_RTC_IT(RTC_IT));  
 322:./Libraries/STM32F10x_StdPeriph_Driver/src/stm32f10x_rtc.c ****   
 323:./Libraries/STM32F10x_StdPeriph_Driver/src/stm32f10x_rtc.c ****   /* Clear the corresponding RTC pending bit */
 324:./Libraries/STM32F10x_StdPeriph_Driver/src/stm32f10x_rtc.c ****   RTC->CRL &= (uint16_t)~RTC_IT;
 862              		.loc 1 324 12
 863 000a 074B     		ldr	r3, .L54
 864 000c 9B88     		ldrh	r3, [r3, #4]	@ movhi
 865 000e 9AB2     		uxth	r2, r3
 866              		.loc 1 324 15
 867 0010 FB88     		ldrh	r3, [r7, #6]	@ movhi
 868 0012 DB43     		mvns	r3, r3
 869 0014 9BB2     		uxth	r3, r3
 870              		.loc 1 324 12
 871 0016 0449     		ldr	r1, .L54
 872 0018 1340     		ands	r3, r3, r2
 873 001a 9BB2     		uxth	r3, r3
 874 001c 8B80     		strh	r3, [r1, #4]	@ movhi
 325:./Libraries/STM32F10x_StdPeriph_Driver/src/stm32f10x_rtc.c **** }
 875              		.loc 1 325 1
 876 001e 00BF     		nop
 877 0020 0C37     		adds	r7, r7, #12
 878              	.LCFI70:
 879              		.cfi_def_cfa_offset 4
 880 0022 BD46     		mov	sp, r7
 881              	.LCFI71:
 882              		.cfi_def_cfa_register 13
 883              		@ sp needed
 884 0024 80BC     		pop	{r7}
 885              	.LCFI72:
 886              		.cfi_restore 7
 887              		.cfi_def_cfa_offset 0
 888 0026 7047     		bx	lr
 889              	.L55:
 890              		.align	2
 891              	.L54:
 892 0028 00280040 		.word	1073752064
 893              		.cfi_endproc
 894              	.LFE42:
 896              		.text
 897              	.Letext0:
ARM GAS  C:\Users\hao\AppData\Local\Temp\cc5g8mNT.s 			page 22


 898              		.file 2 "c:\\gcc-arm-none-eabi\\arm-none-eabi\\include\\machine\\_default_types.h"
 899              		.file 3 "c:\\gcc-arm-none-eabi\\arm-none-eabi\\include\\sys\\_stdint.h"
 900              		.file 4 "./Libraries/CMSIS/stm32f10x.h"
ARM GAS  C:\Users\hao\AppData\Local\Temp\cc5g8mNT.s 			page 23


DEFINED SYMBOLS
                            *ABS*:00000000 stm32f10x_rtc.c
C:\Users\hao\AppData\Local\Temp\cc5g8mNT.s:18     .text.RTC_ITConfig:00000000 $t
C:\Users\hao\AppData\Local\Temp\cc5g8mNT.s:24     .text.RTC_ITConfig:00000000 RTC_ITConfig
C:\Users\hao\AppData\Local\Temp\cc5g8mNT.s:94     .text.RTC_ITConfig:00000048 $d
C:\Users\hao\AppData\Local\Temp\cc5g8mNT.s:99     .text.RTC_EnterConfigMode:00000000 $t
C:\Users\hao\AppData\Local\Temp\cc5g8mNT.s:105    .text.RTC_EnterConfigMode:00000000 RTC_EnterConfigMode
C:\Users\hao\AppData\Local\Temp\cc5g8mNT.s:141    .text.RTC_EnterConfigMode:0000001c $d
C:\Users\hao\AppData\Local\Temp\cc5g8mNT.s:146    .text.RTC_ExitConfigMode:00000000 $t
C:\Users\hao\AppData\Local\Temp\cc5g8mNT.s:152    .text.RTC_ExitConfigMode:00000000 RTC_ExitConfigMode
C:\Users\hao\AppData\Local\Temp\cc5g8mNT.s:188    .text.RTC_ExitConfigMode:0000001c $d
C:\Users\hao\AppData\Local\Temp\cc5g8mNT.s:193    .text.RTC_GetCounter:00000000 $t
C:\Users\hao\AppData\Local\Temp\cc5g8mNT.s:199    .text.RTC_GetCounter:00000000 RTC_GetCounter
C:\Users\hao\AppData\Local\Temp\cc5g8mNT.s:250    .text.RTC_GetCounter:00000028 $d
C:\Users\hao\AppData\Local\Temp\cc5g8mNT.s:255    .text.RTC_SetCounter:00000000 $t
C:\Users\hao\AppData\Local\Temp\cc5g8mNT.s:261    .text.RTC_SetCounter:00000000 RTC_SetCounter
C:\Users\hao\AppData\Local\Temp\cc5g8mNT.s:310    .text.RTC_SetCounter:0000002c $d
C:\Users\hao\AppData\Local\Temp\cc5g8mNT.s:315    .text.RTC_SetPrescaler:00000000 $t
C:\Users\hao\AppData\Local\Temp\cc5g8mNT.s:321    .text.RTC_SetPrescaler:00000000 RTC_SetPrescaler
C:\Users\hao\AppData\Local\Temp\cc5g8mNT.s:373    .text.RTC_SetPrescaler:00000030 $d
C:\Users\hao\AppData\Local\Temp\cc5g8mNT.s:378    .text.RTC_SetAlarm:00000000 $t
C:\Users\hao\AppData\Local\Temp\cc5g8mNT.s:384    .text.RTC_SetAlarm:00000000 RTC_SetAlarm
C:\Users\hao\AppData\Local\Temp\cc5g8mNT.s:433    .text.RTC_SetAlarm:0000002c $d
C:\Users\hao\AppData\Local\Temp\cc5g8mNT.s:438    .text.RTC_GetDivider:00000000 $t
C:\Users\hao\AppData\Local\Temp\cc5g8mNT.s:444    .text.RTC_GetDivider:00000000 RTC_GetDivider
C:\Users\hao\AppData\Local\Temp\cc5g8mNT.s:501    .text.RTC_GetDivider:00000034 $d
C:\Users\hao\AppData\Local\Temp\cc5g8mNT.s:506    .text.RTC_WaitForLastTask:00000000 $t
C:\Users\hao\AppData\Local\Temp\cc5g8mNT.s:512    .text.RTC_WaitForLastTask:00000000 RTC_WaitForLastTask
C:\Users\hao\AppData\Local\Temp\cc5g8mNT.s:553    .text.RTC_WaitForLastTask:00000020 $d
C:\Users\hao\AppData\Local\Temp\cc5g8mNT.s:558    .text.RTC_WaitForSynchro:00000000 $t
C:\Users\hao\AppData\Local\Temp\cc5g8mNT.s:564    .text.RTC_WaitForSynchro:00000000 RTC_WaitForSynchro
C:\Users\hao\AppData\Local\Temp\cc5g8mNT.s:613    .text.RTC_WaitForSynchro:00000030 $d
C:\Users\hao\AppData\Local\Temp\cc5g8mNT.s:618    .text.RTC_GetFlagStatus:00000000 $t
C:\Users\hao\AppData\Local\Temp\cc5g8mNT.s:624    .text.RTC_GetFlagStatus:00000000 RTC_GetFlagStatus
C:\Users\hao\AppData\Local\Temp\cc5g8mNT.s:685    .text.RTC_GetFlagStatus:00000034 $d
C:\Users\hao\AppData\Local\Temp\cc5g8mNT.s:690    .text.RTC_ClearFlag:00000000 $t
C:\Users\hao\AppData\Local\Temp\cc5g8mNT.s:696    .text.RTC_ClearFlag:00000000 RTC_ClearFlag
C:\Users\hao\AppData\Local\Temp\cc5g8mNT.s:745    .text.RTC_ClearFlag:00000028 $d
C:\Users\hao\AppData\Local\Temp\cc5g8mNT.s:750    .text.RTC_GetITStatus:00000000 $t
C:\Users\hao\AppData\Local\Temp\cc5g8mNT.s:756    .text.RTC_GetITStatus:00000000 RTC_GetITStatus
C:\Users\hao\AppData\Local\Temp\cc5g8mNT.s:832    .text.RTC_GetITStatus:0000004c $d
C:\Users\hao\AppData\Local\Temp\cc5g8mNT.s:837    .text.RTC_ClearITPendingBit:00000000 $t
C:\Users\hao\AppData\Local\Temp\cc5g8mNT.s:843    .text.RTC_ClearITPendingBit:00000000 RTC_ClearITPendingBit
C:\Users\hao\AppData\Local\Temp\cc5g8mNT.s:892    .text.RTC_ClearITPendingBit:00000028 $d

NO UNDEFINED SYMBOLS
